[23.401s] Invoking command in '/mnt/c/Users/LENOVO/OneDrive/Desktop/drone/build/drone_bringup': PYTHONPATH=/mnt/c/Users/LENOVO/OneDrive/Desktop/drone/build/drone_bringup/prefix_override:/usr/lib/python3/dist-packages/colcon_core/task/python/colcon_distutils_commands:/mnt/c/Users/LENOVO/OneDrive/Desktop/drone/install/drone_bringup/lib/python3.12/site-packages:${PYTHONPATH} /usr/bin/python3 -W ignore:setup.py install is deprecated -W ignore:easy_install command is deprecated setup.py develop --editable --build-directory /mnt/c/Users/LENOVO/OneDrive/Desktop/drone/build/drone_bringup/build --no-deps symlink_data --force
[26.530s] running develop
[27.539s] running egg_info
[27.600s] writing drone_bringup.egg-info/PKG-INFO
[27.608s] writing dependency_links to drone_bringup.egg-info/dependency_links.txt
[27.619s] writing requirements to drone_bringup.egg-info/requires.txt
[27.623s] writing top-level names to drone_bringup.egg-info/top_level.txt
[27.850s] reading manifest file 'drone_bringup.egg-info/SOURCES.txt'
[28.026s] writing manifest file 'drone_bringup.egg-info/SOURCES.txt'
[28.140s] running build_ext
[28.142s] Creating /mnt/c/Users/LENOVO/OneDrive/Desktop/drone/install/drone_bringup/lib/python3.12/site-packages/drone-bringup.egg-link (link to .)
[28.185s] 
[28.187s] Installed /mnt/c/Users/LENOVO/OneDrive/Desktop/drone/build/drone_bringup
[28.192s] running symlink_data
[28.234s] symbolically linking /mnt/c/Users/LENOVO/OneDrive/Desktop/drone/build/drone_bringup/resource/drone_bringup -> /mnt/c/Users/LENOVO/OneDrive/Desktop/drone/install/drone_bringup/share/ament_index/resource_index/packages
[28.272s] symbolically linking /mnt/c/Users/LENOVO/OneDrive/Desktop/drone/build/drone_bringup/package.xml -> /mnt/c/Users/LENOVO/OneDrive/Desktop/drone/install/drone_bringup/share/drone_bringup
[28.316s] symbolically linking /mnt/c/Users/LENOVO/OneDrive/Desktop/drone/build/drone_bringup/launch/master_launch.py -> /mnt/c/Users/LENOVO/OneDrive/Desktop/drone/install/drone_bringup/share/drone_bringup/launch
[28.361s] symbolically linking /mnt/c/Users/LENOVO/OneDrive/Desktop/drone/build/drone_bringup/urdf/mavic_webots.urdf -> /mnt/c/Users/LENOVO/OneDrive/Desktop/drone/install/drone_bringup/share/drone_bringup/urdf
[28.405s] symbolically linking /mnt/c/Users/LENOVO/OneDrive/Desktop/drone/build/drone_bringup/worlds/tunnel_world.wbt -> /mnt/c/Users/LENOVO/OneDrive/Desktop/drone/install/drone_bringup/share/drone_bringup/worlds
[29.212s] Invoked command in '/mnt/c/Users/LENOVO/OneDrive/Desktop/drone/build/drone_bringup' returned '0': PYTHONPATH=/mnt/c/Users/LENOVO/OneDrive/Desktop/drone/build/drone_bringup/prefix_override:/usr/lib/python3/dist-packages/colcon_core/task/python/colcon_distutils_commands:/mnt/c/Users/LENOVO/OneDrive/Desktop/drone/install/drone_bringup/lib/python3.12/site-packages:${PYTHONPATH} /usr/bin/python3 -W ignore:setup.py install is deprecated -W ignore:easy_install command is deprecated setup.py develop --editable --build-directory /mnt/c/Users/LENOVO/OneDrive/Desktop/drone/build/drone_bringup/build --no-deps symlink_data --force
