[21.566s] Invoking command in '/mnt/c/Users/LENOVO/OneDrive/Desktop/drone/build/perception_layer': PYTHONPATH=/mnt/c/Users/LENOVO/OneDrive/Desktop/drone/build/perception_layer/prefix_override:/usr/lib/python3/dist-packages/colcon_core/task/python/colcon_distutils_commands:/mnt/c/Users/LENOVO/OneDrive/Desktop/drone/install/perception_layer/lib/python3.12/site-packages:${PYTHONPATH} /usr/bin/python3 -W ignore:setup.py install is deprecated -W ignore:easy_install command is deprecated setup.py develop --editable --build-directory /mnt/c/Users/LENOVO/OneDrive/Desktop/drone/build/perception_layer/build --no-deps symlink_data --force
[24.503s] running develop
[25.292s] running egg_info
[25.357s] writing perception_layer.egg-info/PKG-INFO
[25.367s] writing dependency_links to perception_layer.egg-info/dependency_links.txt
[25.375s] writing entry points to perception_layer.egg-info/entry_points.txt
[25.384s] writing requirements to perception_layer.egg-info/requires.txt
[25.391s] writing top-level names to perception_layer.egg-info/top_level.txt
[25.602s] reading manifest file 'perception_layer.egg-info/SOURCES.txt'
[25.778s] writing manifest file 'perception_layer.egg-info/SOURCES.txt'
[25.902s] running build_ext
[25.903s] Creating /mnt/c/Users/LENOVO/OneDrive/Desktop/drone/install/perception_layer/lib/python3.12/site-packages/perception-layer.egg-link (link to .)
[25.946s] Installing ekf_fusion_node script to /mnt/c/Users/LENOVO/OneDrive/Desktop/drone/install/perception_layer/bin
[25.975s] Installing noise_injection_node script to /mnt/c/Users/LENOVO/OneDrive/Desktop/drone/install/perception_layer/bin
[26.012s] Installing sensor_health_monitor script to /mnt/c/Users/LENOVO/OneDrive/Desktop/drone/install/perception_layer/bin
[26.039s] 
[26.041s] Installed /mnt/c/Users/LENOVO/OneDrive/Desktop/drone/build/perception_layer
[26.047s] running symlink_data
[26.096s] symbolically linking /mnt/c/Users/LENOVO/OneDrive/Desktop/drone/build/perception_layer/resource/perception_layer -> /mnt/c/Users/LENOVO/OneDrive/Desktop/drone/install/perception_layer/share/ament_index/resource_index/packages
[26.136s] symbolically linking /mnt/c/Users/LENOVO/OneDrive/Desktop/drone/build/perception_layer/package.xml -> /mnt/c/Users/LENOVO/OneDrive/Desktop/drone/install/perception_layer/share/perception_layer
[26.186s] symbolically linking /mnt/c/Users/LENOVO/OneDrive/Desktop/drone/build/perception_layer/config/ekf_params.yaml -> /mnt/c/Users/LENOVO/OneDrive/Desktop/drone/install/perception_layer/share/perception_layer/config
[26.730s] Invoked command in '/mnt/c/Users/LENOVO/OneDrive/Desktop/drone/build/perception_layer' returned '0': PYTHONPATH=/mnt/c/Users/LENOVO/OneDrive/Desktop/drone/build/perception_layer/prefix_override:/usr/lib/python3/dist-packages/colcon_core/task/python/colcon_distutils_commands:/mnt/c/Users/LENOVO/OneDrive/Desktop/drone/install/perception_layer/lib/python3.12/site-packages:${PYTHONPATH} /usr/bin/python3 -W ignore:setup.py install is deprecated -W ignore:easy_install command is deprecated setup.py develop --editable --build-directory /mnt/c/Users/LENOVO/OneDrive/Desktop/drone/build/perception_layer/build --no-deps symlink_data --force
