[2.240s] Invoking command in '/mnt/c/Users/LENOVO/OneDrive/Desktop/drone/build/control_layer': CMAKE_PREFIX_PATH=${CMAKE_PREFIX_PATH}:/mnt/c/Users/LENOVO/OneDrive/Desktop/drone/install/telemetry:/mnt/c/Users/LENOVO/OneDrive/Desktop/drone/install/perception_layer:/mnt/c/Users/LENOVO/OneDrive/Desktop/drone/install/navigation_layer:/mnt/c/Users/LENOVO/OneDrive/Desktop/drone/install/fault_handler:/mnt/c/Users/LENOVO/OneDrive/Desktop/drone/install/drone_bringup:/opt/ros/jazzy /usr/bin/cmake /mnt/c/Users/LENOVO/OneDrive/Desktop/drone/src/control_layer -DAMENT_CMAKE_SYMLINK_INSTALL=1 -DCMAKE_INSTALL_PREFIX=/mnt/c/Users/LENOVO/OneDrive/Desktop/drone/install/control_layer
[13.982s] -- Found ament_cmake: 2.5.5 (/opt/ros/jazzy/share/ament_cmake/cmake)
[13.983s] -- Override CMake install command with custom implementation using symlinks instead of copying resources
[13.984s] -- Found rclcpp: 28.1.16 (/opt/ros/jazzy/share/rclcpp/cmake)
[13.986s] -- Found rosidl_generator_c: 4.6.7 (/opt/ros/jazzy/share/rosidl_generator_c/cmake)
[13.987s] -- Found rosidl_generator_cpp: 4.6.7 (/opt/ros/jazzy/share/rosidl_generator_cpp/cmake)
[13.988s] -- Using all available rosidl_typesupport_c: rosidl_typesupport_fastrtps_c;rosidl_typesupport_introspection_c
[13.990s] -- Using all available rosidl_typesupport_cpp: rosidl_typesupport_fastrtps_cpp;rosidl_typesupport_introspection_cpp
[13.992s] -- Found rmw_implementation_cmake: 7.3.3 (/opt/ros/jazzy/share/rmw_implementation_cmake/cmake)
[13.994s] -- Found rmw_fastrtps_cpp: 8.4.3 (/opt/ros/jazzy/share/rmw_fastrtps_cpp/cmake)
[13.995s] -- Using RMW implementation 'rmw_fastrtps_cpp' as default
[13.996s] -- Found std_msgs: 5.3.6 (/opt/ros/jazzy/share/std_msgs/cmake)
[13.998s] -- Found geometry_msgs: 5.3.6 (/opt/ros/jazzy/share/geometry_msgs/cmake)
[14.000s] -- Found sensor_msgs: 5.3.6 (/opt/ros/jazzy/share/sensor_msgs/cmake)
[14.001s] -- Found nav_msgs: 5.3.6 (/opt/ros/jazzy/share/nav_msgs/cmake)
[14.003s] -- Found ament_lint_auto: 0.17.4 (/opt/ros/jazzy/share/ament_lint_auto/cmake)
[14.004s] -- Added test 'copyright' to check source files copyright and LICENSE
[14.006s] -- Added test 'cppcheck' to perform static code analysis on C / C++ code
[14.007s] -- Configured cppcheck include dirs: $<BUILD_INTERFACE:/mnt/c/Users/LENOVO/OneDrive/Desktop/drone/src/control_layer/include>
[14.009s] -- Configured cppcheck exclude dirs and/or files: 
[14.011s] -- Added test 'cpplint' to check C / C++ code against the Google style
[14.012s] -- Configured cpplint exclude dirs and/or files: 
[14.014s] -- Added test 'lint_cmake' to check CMake code style
[14.283s] -- Added test 'uncrustify' to check C / C++ code style
[14.285s] -- Configured uncrustify additional arguments: 
[14.346s] -- Added test 'xmllint' to check XML markup files
[14.534s] -- Configuring done (12.1s)
[15.502s] -- Generating done (0.8s)
[15.988s] -- Build files have been written to: /mnt/c/Users/LENOVO/OneDrive/Desktop/drone/build/control_layer
[16.679s] Invoked command in '/mnt/c/Users/LENOVO/OneDrive/Desktop/drone/build/control_layer' returned '0': CMAKE_PREFIX_PATH=${CMAKE_PREFIX_PATH}:/mnt/c/Users/LENOVO/OneDrive/Desktop/drone/install/telemetry:/mnt/c/Users/LENOVO/OneDrive/Desktop/drone/install/perception_layer:/mnt/c/Users/LENOVO/OneDrive/Desktop/drone/install/navigation_layer:/mnt/c/Users/LENOVO/OneDrive/Desktop/drone/install/fault_handler:/mnt/c/Users/LENOVO/OneDrive/Desktop/drone/install/drone_bringup:/opt/ros/jazzy /usr/bin/cmake /mnt/c/Users/LENOVO/OneDrive/Desktop/drone/src/control_layer -DAMENT_CMAKE_SYMLINK_INSTALL=1 -DCMAKE_INSTALL_PREFIX=/mnt/c/Users/LENOVO/OneDrive/Desktop/drone/install/control_layer
[16.696s] Invoking command in '/mnt/c/Users/LENOVO/OneDrive/Desktop/drone/build/control_layer': CMAKE_PREFIX_PATH=${CMAKE_PREFIX_PATH}:/mnt/c/Users/LENOVO/OneDrive/Desktop/drone/install/telemetry:/mnt/c/Users/LENOVO/OneDrive/Desktop/drone/install/perception_layer:/mnt/c/Users/LENOVO/OneDrive/Desktop/drone/install/navigation_layer:/mnt/c/Users/LENOVO/OneDrive/Desktop/drone/install/fault_handler:/mnt/c/Users/LENOVO/OneDrive/Desktop/drone/install/drone_bringup:/opt/ros/jazzy /usr/bin/cmake --build /mnt/c/Users/LENOVO/OneDrive/Desktop/drone/build/control_layer -- -j16 -l16
[18.046s] [ 50%] Built target motor_mixer
[18.080s] [100%] Built target pid_controller
[18.150s] Invoked command in '/mnt/c/Users/LENOVO/OneDrive/Desktop/drone/build/control_layer' returned '0': CMAKE_PREFIX_PATH=${CMAKE_PREFIX_PATH}:/mnt/c/Users/LENOVO/OneDrive/Desktop/drone/install/telemetry:/mnt/c/Users/LENOVO/OneDrive/Desktop/drone/install/perception_layer:/mnt/c/Users/LENOVO/OneDrive/Desktop/drone/install/navigation_layer:/mnt/c/Users/LENOVO/OneDrive/Desktop/drone/install/fault_handler:/mnt/c/Users/LENOVO/OneDrive/Desktop/drone/install/drone_bringup:/opt/ros/jazzy /usr/bin/cmake --build /mnt/c/Users/LENOVO/OneDrive/Desktop/drone/build/control_layer -- -j16 -l16
[18.207s] Invoking command in '/mnt/c/Users/LENOVO/OneDrive/Desktop/drone/build/control_layer': CMAKE_PREFIX_PATH=${CMAKE_PREFIX_PATH}:/mnt/c/Users/LENOVO/OneDrive/Desktop/drone/install/telemetry:/mnt/c/Users/LENOVO/OneDrive/Desktop/drone/install/perception_layer:/mnt/c/Users/LENOVO/OneDrive/Desktop/drone/install/navigation_layer:/mnt/c/Users/LENOVO/OneDrive/Desktop/drone/install/fault_handler:/mnt/c/Users/LENOVO/OneDrive/Desktop/drone/install/drone_bringup:/opt/ros/jazzy /usr/bin/cmake --install /mnt/c/Users/LENOVO/OneDrive/Desktop/drone/build/control_layer
[18.228s] -- Install configuration: ""
[18.249s] -- Execute custom install script
[18.294s] -- Up-to-date symlink: /mnt/c/Users/LENOVO/OneDrive/Desktop/drone/install/control_layer/lib/control_layer/pid_controller
[18.329s] -- Up-to-date symlink: /mnt/c/Users/LENOVO/OneDrive/Desktop/drone/install/control_layer/lib/control_layer/motor_mixer
[18.460s] -- Up-to-date symlink: /mnt/c/Users/LENOVO/OneDrive/Desktop/drone/install/control_layer/share/ament_index/resource_index/package_run_dependencies/control_layer
[18.569s] -- Up-to-date symlink: /mnt/c/Users/LENOVO/OneDrive/Desktop/drone/install/control_layer/share/ament_index/resource_index/parent_prefix_path/control_layer
[18.604s] -- Up-to-date symlink: /mnt/c/Users/LENOVO/OneDrive/Desktop/drone/install/control_layer/share/control_layer/environment/ament_prefix_path.sh
[18.652s] -- Up-to-date symlink: /mnt/c/Users/LENOVO/OneDrive/Desktop/drone/install/control_layer/share/control_layer/environment/ament_prefix_path.dsv
[18.688s] -- Up-to-date symlink: /mnt/c/Users/LENOVO/OneDrive/Desktop/drone/install/control_layer/share/control_layer/environment/path.sh
[18.736s] -- Up-to-date symlink: /mnt/c/Users/LENOVO/OneDrive/Desktop/drone/install/control_layer/share/control_layer/environment/path.dsv
[18.776s] -- Up-to-date symlink: /mnt/c/Users/LENOVO/OneDrive/Desktop/drone/install/control_layer/share/control_layer/local_setup.bash
[18.813s] -- Up-to-date symlink: /mnt/c/Users/LENOVO/OneDrive/Desktop/drone/install/control_layer/share/control_layer/local_setup.sh
[18.852s] -- Up-to-date symlink: /mnt/c/Users/LENOVO/OneDrive/Desktop/drone/install/control_layer/share/control_layer/local_setup.zsh
[18.894s] -- Up-to-date symlink: /mnt/c/Users/LENOVO/OneDrive/Desktop/drone/install/control_layer/share/control_layer/local_setup.dsv
[18.911s] -- Symlinking: /mnt/c/Users/LENOVO/OneDrive/Desktop/drone/install/control_layer/share/control_layer/package.dsv
[19.063s] -- Up-to-date symlink: /mnt/c/Users/LENOVO/OneDrive/Desktop/drone/install/control_layer/share/ament_index/resource_index/packages/control_layer
[19.112s] -- Up-to-date symlink: /mnt/c/Users/LENOVO/OneDrive/Desktop/drone/install/control_layer/share/control_layer/cmake/control_layerConfig.cmake
[19.153s] -- Up-to-date symlink: /mnt/c/Users/LENOVO/OneDrive/Desktop/drone/install/control_layer/share/control_layer/cmake/control_layerConfig-version.cmake
[19.193s] -- Up-to-date symlink: /mnt/c/Users/LENOVO/OneDrive/Desktop/drone/install/control_layer/share/control_layer/package.xml
[19.203s] Invoked command in '/mnt/c/Users/LENOVO/OneDrive/Desktop/drone/build/control_layer' returned '0': CMAKE_PREFIX_PATH=${CMAKE_PREFIX_PATH}:/mnt/c/Users/LENOVO/OneDrive/Desktop/drone/install/telemetry:/mnt/c/Users/LENOVO/OneDrive/Desktop/drone/install/perception_layer:/mnt/c/Users/LENOVO/OneDrive/Desktop/drone/install/navigation_layer:/mnt/c/Users/LENOVO/OneDrive/Desktop/drone/install/fault_handler:/mnt/c/Users/LENOVO/OneDrive/Desktop/drone/install/drone_bringup:/opt/ros/jazzy /usr/bin/cmake --install /mnt/c/Users/LENOVO/OneDrive/Desktop/drone/build/control_layer
