[5.313s] Invoking command in '/mnt/c/Users/LENOVO/OneDrive/Desktop/drone/build/perception_layer': PYTHONPATH=/mnt/c/Users/LENOVO/OneDrive/Desktop/drone/build/perception_layer/prefix_override:/usr/lib/python3/dist-packages/colcon_core/task/python/colcon_distutils_commands:/mnt/c/Users/LENOVO/OneDrive/Desktop/drone/install/perception_layer/lib/python3.12/site-packages:${PYTHONPATH} /usr/bin/python3 -W ignore:setup.py install is deprecated -W ignore:easy_install command is deprecated setup.py develop --uninstall --editable --build-directory /mnt/c/Users/LENOVO/OneDrive/Desktop/drone/build/perception_layer/build
[6.734s] running develop
[7.414s] Removing /mnt/c/Users/LENOVO/OneDrive/Desktop/drone/install/perception_layer/lib/python3.12/site-packages/perception-layer.egg-link (link to .)
[7.552s] Invoked command in '/mnt/c/Users/LENOVO/OneDrive/Desktop/drone/build/perception_layer' returned '0': PYTHONPATH=/mnt/c/Users/LENOVO/OneDrive/Desktop/drone/build/perception_layer/prefix_override:/usr/lib/python3/dist-packages/colcon_core/task/python/colcon_distutils_commands:/mnt/c/Users/LENOVO/OneDrive/Desktop/drone/install/perception_layer/lib/python3.12/site-packages:${PYTHONPATH} /usr/bin/python3 -W ignore:setup.py install is deprecated -W ignore:easy_install command is deprecated setup.py develop --uninstall --editable --build-directory /mnt/c/Users/LENOVO/OneDrive/Desktop/drone/build/perception_layer/build
[7.567s] Invoking command in '/mnt/c/Users/LENOVO/OneDrive/Desktop/drone/src/perception_layer': PYTHONPATH=/mnt/c/Users/LENOVO/OneDrive/Desktop/drone/build/perception_layer/prefix_override:/usr/lib/python3/dist-packages/colcon_core/task/python/colcon_distutils_commands:/mnt/c/Users/LENOVO/OneDrive/Desktop/drone/install/perception_layer/lib/python3.12/site-packages:${PYTHONPATH} /usr/bin/python3 -W ignore:setup.py install is deprecated -W ignore:easy_install command is deprecated setup.py egg_info --egg-base ../../build/perception_layer build --build-base /mnt/c/Users/LENOVO/OneDrive/Desktop/drone/build/perception_layer/build install --record /mnt/c/Users/LENOVO/OneDrive/Desktop/drone/build/perception_layer/install.log --single-version-externally-managed install_data --force
[8.930s] running egg_info
[8.973s] writing ../../build/perception_layer/perception_layer.egg-info/PKG-INFO
[8.987s] writing dependency_links to ../../build/perception_layer/perception_layer.egg-info/dependency_links.txt
[8.999s] writing entry points to ../../build/perception_layer/perception_layer.egg-info/entry_points.txt
[9.006s] writing requirements to ../../build/perception_layer/perception_layer.egg-info/requires.txt
[9.015s] writing top-level names to ../../build/perception_layer/perception_layer.egg-info/top_level.txt
[9.153s] reading manifest file '../../build/perception_layer/perception_layer.egg-info/SOURCES.txt'
[9.302s] writing manifest file '../../build/perception_layer/perception_layer.egg-info/SOURCES.txt'
[9.310s] running build
[9.312s] running build_py
[9.324s] creating /mnt/c/Users/LENOVO/OneDrive/Desktop/drone/build/perception_layer/build
[9.326s] creating /mnt/c/Users/LENOVO/OneDrive/Desktop/drone/build/perception_layer/build/lib
[9.334s] creating /mnt/c/Users/LENOVO/OneDrive/Desktop/drone/build/perception_layer/build/lib/perception_layer
[9.357s] copying perception_layer/noise_injection_node.py -> /mnt/c/Users/LENOVO/OneDrive/Desktop/drone/build/perception_layer/build/lib/perception_layer
[9.409s] copying perception_layer/sensor_health_monitor.py -> /mnt/c/Users/LENOVO/OneDrive/Desktop/drone/build/perception_layer/build/lib/perception_layer
[9.457s] copying perception_layer/__init__.py -> /mnt/c/Users/LENOVO/OneDrive/Desktop/drone/build/perception_layer/build/lib/perception_layer
[9.484s] running install
[9.501s] running install_lib
[9.589s] creating /mnt/c/Users/LENOVO/OneDrive/Desktop/drone/install/perception_layer/lib/python3.12/site-packages/perception_layer
[9.634s] copying /mnt/c/Users/LENOVO/OneDrive/Desktop/drone/build/perception_layer/build/lib/perception_layer/noise_injection_node.py -> /mnt/c/Users/LENOVO/OneDrive/Desktop/drone/install/perception_layer/lib/python3.12/site-packages/perception_layer
[9.725s] copying /mnt/c/Users/LENOVO/OneDrive/Desktop/drone/build/perception_layer/build/lib/perception_layer/sensor_health_monitor.py -> /mnt/c/Users/LENOVO/OneDrive/Desktop/drone/install/perception_layer/lib/python3.12/site-packages/perception_layer
[9.817s] copying /mnt/c/Users/LENOVO/OneDrive/Desktop/drone/build/perception_layer/build/lib/perception_layer/__init__.py -> /mnt/c/Users/LENOVO/OneDrive/Desktop/drone/install/perception_layer/lib/python3.12/site-packages/perception_layer
[9.908s] byte-compiling /mnt/c/Users/LENOVO/OneDrive/Desktop/drone/install/perception_layer/lib/python3.12/site-packages/perception_layer/noise_injection_node.py to noise_injection_node.cpython-312.pyc
[10.015s] byte-compiling /mnt/c/Users/LENOVO/OneDrive/Desktop/drone/install/perception_layer/lib/python3.12/site-packages/perception_layer/sensor_health_monitor.py to sensor_health_monitor.cpython-312.pyc
[10.126s] byte-compiling /mnt/c/Users/LENOVO/OneDrive/Desktop/drone/install/perception_layer/lib/python3.12/site-packages/perception_layer/__init__.py to __init__.cpython-312.pyc
[10.208s] running install_data
[10.228s] copying resource/perception_layer -> /mnt/c/Users/LENOVO/OneDrive/Desktop/drone/install/perception_layer/share/ament_index/resource_index/packages
[10.300s] copying package.xml -> /mnt/c/Users/LENOVO/OneDrive/Desktop/drone/install/perception_layer/share/perception_layer
[10.369s] copying config/ekf_params.yaml -> /mnt/c/Users/LENOVO/OneDrive/Desktop/drone/install/perception_layer/share/perception_layer/config
[10.425s] running install_egg_info
[10.516s] Copying ../../build/perception_layer/perception_layer.egg-info to /mnt/c/Users/LENOVO/OneDrive/Desktop/drone/install/perception_layer/lib/python3.12/site-packages/perception_layer-0.0.0-py3.12.egg-info
[11.117s] running install_scripts
[11.624s] Installing ekf_fusion_node script to /mnt/c/Users/LENOVO/OneDrive/Desktop/drone/install/perception_layer/bin
[11.640s] Installing noise_injection_node script to /mnt/c/Users/LENOVO/OneDrive/Desktop/drone/install/perception_layer/bin
[11.657s] Installing sensor_health_monitor script to /mnt/c/Users/LENOVO/OneDrive/Desktop/drone/install/perception_layer/bin
[11.681s] writing list of installed files to '/mnt/c/Users/LENOVO/OneDrive/Desktop/drone/build/perception_layer/install.log'
[14.111s] Invoked command in '/mnt/c/Users/LENOVO/OneDrive/Desktop/drone/src/perception_layer' returned '0': PYTHONPATH=/mnt/c/Users/LENOVO/OneDrive/Desktop/drone/build/perception_layer/prefix_override:/usr/lib/python3/dist-packages/colcon_core/task/python/colcon_distutils_commands:/mnt/c/Users/LENOVO/OneDrive/Desktop/drone/install/perception_layer/lib/python3.12/site-packages:${PYTHONPATH} /usr/bin/python3 -W ignore:setup.py install is deprecated -W ignore:easy_install command is deprecated setup.py egg_info --egg-base ../../build/perception_layer build --build-base /mnt/c/Users/LENOVO/OneDrive/Desktop/drone/build/perception_layer/build install --record /mnt/c/Users/LENOVO/OneDrive/Desktop/drone/build/perception_layer/install.log --single-version-externally-managed install_data --force
