[0.433s] DEBUG:colcon:Command line arguments: ['/usr/bin/colcon', 'build', '--symlink-install']
[0.434s] DEBUG:colcon:Parsed command line arguments: Namespace(log_base=None, log_level=None, verb_name='build', build_base='build', install_base='install', merge_install=False, symlink_install=True, test_result_base=None, continue_on_error=False, executor='parallel', parallel_workers=16, event_handlers=None, ignore_user_meta=False, metas=['./colcon.meta'], base_paths=['.'], packages_ignore=None, packages_ignore_regex=None, paths=None, packages_up_to=None, packages_up_to_regex=None, packages_above=None, packages_above_and_dependencies=None, packages_above_depth=None, packages_select_by_dep=None, packages_skip_by_dep=None, packages_skip_up_to=None, packages_select_build_failed=False, packages_skip_build_finished=False, packages_select_test_failures=False, packages_skip_test_passed=False, packages_select=None, packages_skip=None, packages_select_regex=None, packages_skip_regex=None, packages_start=None, packages_end=None, allow_overriding=[], cmake_args=None, cmake_target=None, cmake_target_skip_unavailable=False, cmake_clean_cache=False, cmake_clean_first=False, cmake_force_configure=False, ament_cmake_args=None, catkin_cmake_args=None, catkin_skip_building_tests=False, mixin_files=None, mixin=None, verb_parser=<colcon_mixin.mixin.mixin_argument.MixinArgumentDecorator object at 0x7ce3560914f0>, verb_extension=<colcon_core.verb.build.BuildVerb object at 0x7ce3560911f0>, main=<bound method BuildVerb.main of <colcon_core.verb.build.BuildVerb object at 0x7ce3560911f0>>, mixin_verb=('build',))
[0.546s] Level 1:colcon.colcon_core.package_discovery:discover_packages(colcon_meta) check parameters
[0.547s] Level 1:colcon.colcon_core.package_discovery:discover_packages(recursive) check parameters
[0.547s] Level 1:colcon.colcon_core.package_discovery:discover_packages(ignore) check parameters
[0.548s] Level 1:colcon.colcon_core.package_discovery:discover_packages(path) check parameters
[0.548s] Level 1:colcon.colcon_core.package_discovery:discover_packages(colcon_meta) discover
[0.548s] Level 1:colcon.colcon_core.package_discovery:discover_packages(recursive) discover
[0.548s] INFO:colcon.colcon_core.package_discovery:Crawling recursively for packages in '/mnt/c/Users/LENOVO/OneDrive/Desktop/drone'
[0.551s] Level 1:colcon.colcon_core.package_identification:_identify(.) by extensions ['ignore', 'ignore_ament_install']
[0.552s] Level 1:colcon.colcon_core.package_identification:_identify(.) by extension 'ignore'
[0.552s] Level 1:colcon.colcon_core.package_identification:_identify(.) by extension 'ignore_ament_install'
[0.553s] Level 1:colcon.colcon_core.package_identification:_identify(.) by extensions ['colcon_pkg']
[0.554s] Level 1:colcon.colcon_core.package_identification:_identify(.) by extension 'colcon_pkg'
[0.554s] Level 1:colcon.colcon_core.package_identification:_identify(.) by extensions ['colcon_meta']
[0.555s] Level 1:colcon.colcon_core.package_identification:_identify(.) by extension 'colcon_meta'
[0.555s] Level 1:colcon.colcon_core.package_identification:_identify(.) by extensions ['ros']
[0.555s] Level 1:colcon.colcon_core.package_identification:_identify(.) by extension 'ros'
[0.582s] Level 1:colcon.colcon_core.package_identification:_identify(.) by extensions ['cmake', 'python']
[0.583s] Level 1:colcon.colcon_core.package_identification:_identify(.) by extension 'cmake'
[0.583s] Level 1:colcon.colcon_core.package_identification:_identify(.) by extension 'python'
[0.584s] Level 1:colcon.colcon_core.package_identification:_identify(.) by extensions ['python_setup_py']
[0.584s] Level 1:colcon.colcon_core.package_identification:_identify(.) by extension 'python_setup_py'
[0.590s] Level 1:colcon.colcon_core.package_identification:_identify(build) by extensions ['ignore', 'ignore_ament_install']
[0.590s] Level 1:colcon.colcon_core.package_identification:_identify(build) by extension 'ignore'
[0.593s] Level 1:colcon.colcon_core.package_identification:_identify(build) ignored
[0.598s] Level 1:colcon.colcon_core.package_identification:_identify(docker) by extensions ['ignore', 'ignore_ament_install']
[0.598s] Level 1:colcon.colcon_core.package_identification:_identify(docker) by extension 'ignore'
[0.600s] Level 1:colcon.colcon_core.package_identification:_identify(docker) by extension 'ignore_ament_install'
[0.603s] Level 1:colcon.colcon_core.package_identification:_identify(docker) by extensions ['colcon_pkg']
[0.604s] Level 1:colcon.colcon_core.package_identification:_identify(docker) by extension 'colcon_pkg'
[0.605s] Level 1:colcon.colcon_core.package_identification:_identify(docker) by extensions ['colcon_meta']
[0.606s] Level 1:colcon.colcon_core.package_identification:_identify(docker) by extension 'colcon_meta'
[0.608s] Level 1:colcon.colcon_core.package_identification:_identify(docker) by extensions ['ros']
[0.608s] Level 1:colcon.colcon_core.package_identification:_identify(docker) by extension 'ros'
[0.615s] Level 1:colcon.colcon_core.package_identification:_identify(docker) by extensions ['cmake', 'python']
[0.615s] Level 1:colcon.colcon_core.package_identification:_identify(docker) by extension 'cmake'
[0.617s] Level 1:colcon.colcon_core.package_identification:_identify(docker) by extension 'python'
[0.619s] Level 1:colcon.colcon_core.package_identification:_identify(docker) by extensions ['python_setup_py']
[0.619s] Level 1:colcon.colcon_core.package_identification:_identify(docker) by extension 'python_setup_py'
[0.625s] Level 1:colcon.colcon_core.package_identification:_identify(install) by extensions ['ignore', 'ignore_ament_install']
[0.626s] Level 1:colcon.colcon_core.package_identification:_identify(install) by extension 'ignore'
[0.628s] Level 1:colcon.colcon_core.package_identification:_identify(install) ignored
[0.638s] Level 1:colcon.colcon_core.package_identification:_identify(log) by extensions ['ignore', 'ignore_ament_install']
[0.638s] Level 1:colcon.colcon_core.package_identification:_identify(log) by extension 'ignore'
[0.639s] Level 1:colcon.colcon_core.package_identification:_identify(log) ignored
[0.644s] Level 1:colcon.colcon_core.package_identification:_identify(scripts) by extensions ['ignore', 'ignore_ament_install']
[0.644s] Level 1:colcon.colcon_core.package_identification:_identify(scripts) by extension 'ignore'
[0.646s] Level 1:colcon.colcon_core.package_identification:_identify(scripts) by extension 'ignore_ament_install'
[0.649s] Level 1:colcon.colcon_core.package_identification:_identify(scripts) by extensions ['colcon_pkg']
[0.650s] Level 1:colcon.colcon_core.package_identification:_identify(scripts) by extension 'colcon_pkg'
[0.651s] Level 1:colcon.colcon_core.package_identification:_identify(scripts) by extensions ['colcon_meta']
[0.651s] Level 1:colcon.colcon_core.package_identification:_identify(scripts) by extension 'colcon_meta'
[0.653s] Level 1:colcon.colcon_core.package_identification:_identify(scripts) by extensions ['ros']
[0.653s] Level 1:colcon.colcon_core.package_identification:_identify(scripts) by extension 'ros'
[0.660s] Level 1:colcon.colcon_core.package_identification:_identify(scripts) by extensions ['cmake', 'python']
[0.660s] Level 1:colcon.colcon_core.package_identification:_identify(scripts) by extension 'cmake'
[0.662s] Level 1:colcon.colcon_core.package_identification:_identify(scripts) by extension 'python'
[0.665s] Level 1:colcon.colcon_core.package_identification:_identify(scripts) by extensions ['python_setup_py']
[0.665s] Level 1:colcon.colcon_core.package_identification:_identify(scripts) by extension 'python_setup_py'
[0.672s] Level 1:colcon.colcon_core.package_identification:_identify(src) by extensions ['ignore', 'ignore_ament_install']
[0.673s] Level 1:colcon.colcon_core.package_identification:_identify(src) by extension 'ignore'
[0.675s] Level 1:colcon.colcon_core.package_identification:_identify(src) by extension 'ignore_ament_install'
[0.679s] Level 1:colcon.colcon_core.package_identification:_identify(src) by extensions ['colcon_pkg']
[0.679s] Level 1:colcon.colcon_core.package_identification:_identify(src) by extension 'colcon_pkg'
[0.681s] Level 1:colcon.colcon_core.package_identification:_identify(src) by extensions ['colcon_meta']
[0.681s] Level 1:colcon.colcon_core.package_identification:_identify(src) by extension 'colcon_meta'
[0.684s] Level 1:colcon.colcon_core.package_identification:_identify(src) by extensions ['ros']
[0.685s] Level 1:colcon.colcon_core.package_identification:_identify(src) by extension 'ros'
[0.693s] Level 1:colcon.colcon_core.package_identification:_identify(src) by extensions ['cmake', 'python']
[0.694s] Level 1:colcon.colcon_core.package_identification:_identify(src) by extension 'cmake'
[0.695s] Level 1:colcon.colcon_core.package_identification:_identify(src) by extension 'python'
[0.697s] Level 1:colcon.colcon_core.package_identification:_identify(src) by extensions ['python_setup_py']
[0.697s] Level 1:colcon.colcon_core.package_identification:_identify(src) by extension 'python_setup_py'
[0.706s] Level 1:colcon.colcon_core.package_identification:_identify(src/control_layer) by extensions ['ignore', 'ignore_ament_install']
[0.706s] Level 1:colcon.colcon_core.package_identification:_identify(src/control_layer) by extension 'ignore'
[0.709s] Level 1:colcon.colcon_core.package_identification:_identify(src/control_layer) by extension 'ignore_ament_install'
[0.714s] Level 1:colcon.colcon_core.package_identification:_identify(src/control_layer) by extensions ['colcon_pkg']
[0.714s] Level 1:colcon.colcon_core.package_identification:_identify(src/control_layer) by extension 'colcon_pkg'
[0.717s] Level 1:colcon.colcon_core.package_identification:_identify(src/control_layer) by extensions ['colcon_meta']
[0.718s] Level 1:colcon.colcon_core.package_identification:_identify(src/control_layer) by extension 'colcon_meta'
[0.722s] Level 1:colcon.colcon_core.package_identification:_identify(src/control_layer) by extensions ['ros']
[0.723s] Level 1:colcon.colcon_core.package_identification:_identify(src/control_layer) by extension 'ros'
[0.753s] DEBUG:colcon.colcon_core.package_identification:Package 'src/control_layer' with type 'ros.ament_cmake' and name 'control_layer'
[0.760s] Level 1:colcon.colcon_core.package_identification:_identify(src/drone_bringup) by extensions ['ignore', 'ignore_ament_install']
[0.760s] Level 1:colcon.colcon_core.package_identification:_identify(src/drone_bringup) by extension 'ignore'
[0.763s] Level 1:colcon.colcon_core.package_identification:_identify(src/drone_bringup) by extension 'ignore_ament_install'
[0.767s] Level 1:colcon.colcon_core.package_identification:_identify(src/drone_bringup) by extensions ['colcon_pkg']
[0.768s] Level 1:colcon.colcon_core.package_identification:_identify(src/drone_bringup) by extension 'colcon_pkg'
[0.770s] Level 1:colcon.colcon_core.package_identification:_identify(src/drone_bringup) by extensions ['colcon_meta']
[0.771s] Level 1:colcon.colcon_core.package_identification:_identify(src/drone_bringup) by extension 'colcon_meta'
[0.774s] Level 1:colcon.colcon_core.package_identification:_identify(src/drone_bringup) by extensions ['ros']
[0.774s] Level 1:colcon.colcon_core.package_identification:_identify(src/drone_bringup) by extension 'ros'
[0.798s] DEBUG:colcon.colcon_core.package_identification:Package 'src/drone_bringup' with type 'ros.ament_python' and name 'drone_bringup'
[0.805s] Level 1:colcon.colcon_core.package_identification:_identify(src/fault_handler) by extensions ['ignore', 'ignore_ament_install']
[0.806s] Level 1:colcon.colcon_core.package_identification:_identify(src/fault_handler) by extension 'ignore'
[0.808s] Level 1:colcon.colcon_core.package_identification:_identify(src/fault_handler) by extension 'ignore_ament_install'
[0.817s] Level 1:colcon.colcon_core.package_identification:_identify(src/fault_handler) by extensions ['colcon_pkg']
[0.817s] Level 1:colcon.colcon_core.package_identification:_identify(src/fault_handler) by extension 'colcon_pkg'
[0.819s] Level 1:colcon.colcon_core.package_identification:_identify(src/fault_handler) by extensions ['colcon_meta']
[0.820s] Level 1:colcon.colcon_core.package_identification:_identify(src/fault_handler) by extension 'colcon_meta'
[0.823s] Level 1:colcon.colcon_core.package_identification:_identify(src/fault_handler) by extensions ['ros']
[0.823s] Level 1:colcon.colcon_core.package_identification:_identify(src/fault_handler) by extension 'ros'
[0.851s] DEBUG:colcon.colcon_core.package_identification:Package 'src/fault_handler' with type 'ros.ament_python' and name 'fault_handler'
[0.859s] Level 1:colcon.colcon_core.package_identification:_identify(src/launch) by extensions ['ignore', 'ignore_ament_install']
[0.859s] Level 1:colcon.colcon_core.package_identification:_identify(src/launch) by extension 'ignore'
[0.862s] Level 1:colcon.colcon_core.package_identification:_identify(src/launch) by extension 'ignore_ament_install'
[0.866s] Level 1:colcon.colcon_core.package_identification:_identify(src/launch) by extensions ['colcon_pkg']
[0.866s] Level 1:colcon.colcon_core.package_identification:_identify(src/launch) by extension 'colcon_pkg'
[0.869s] Level 1:colcon.colcon_core.package_identification:_identify(src/launch) by extensions ['colcon_meta']
[0.869s] Level 1:colcon.colcon_core.package_identification:_identify(src/launch) by extension 'colcon_meta'
[0.872s] Level 1:colcon.colcon_core.package_identification:_identify(src/launch) by extensions ['ros']
[0.873s] Level 1:colcon.colcon_core.package_identification:_identify(src/launch) by extension 'ros'
[0.884s] Level 1:colcon.colcon_core.package_identification:_identify(src/launch) by extensions ['cmake', 'python']
[0.884s] Level 1:colcon.colcon_core.package_identification:_identify(src/launch) by extension 'cmake'
[0.887s] Level 1:colcon.colcon_core.package_identification:_identify(src/launch) by extension 'python'
[0.889s] Level 1:colcon.colcon_core.package_identification:_identify(src/launch) by extensions ['python_setup_py']
[0.890s] Level 1:colcon.colcon_core.package_identification:_identify(src/launch) by extension 'python_setup_py'
[0.900s] Level 1:colcon.colcon_core.package_identification:_identify(src/navigation_layer) by extensions ['ignore', 'ignore_ament_install']
[0.900s] Level 1:colcon.colcon_core.package_identification:_identify(src/navigation_layer) by extension 'ignore'
[0.903s] Level 1:colcon.colcon_core.package_identification:_identify(src/navigation_layer) by extension 'ignore_ament_install'
[0.908s] Level 1:colcon.colcon_core.package_identification:_identify(src/navigation_layer) by extensions ['colcon_pkg']
[0.908s] Level 1:colcon.colcon_core.package_identification:_identify(src/navigation_layer) by extension 'colcon_pkg'
[0.911s] Level 1:colcon.colcon_core.package_identification:_identify(src/navigation_layer) by extensions ['colcon_meta']
[0.911s] Level 1:colcon.colcon_core.package_identification:_identify(src/navigation_layer) by extension 'colcon_meta'
[0.915s] Level 1:colcon.colcon_core.package_identification:_identify(src/navigation_layer) by extensions ['ros']
[0.915s] Level 1:colcon.colcon_core.package_identification:_identify(src/navigation_layer) by extension 'ros'
[0.941s] DEBUG:colcon.colcon_core.package_identification:Package 'src/navigation_layer' with type 'ros.ament_python' and name 'navigation_layer'
[0.950s] Level 1:colcon.colcon_core.package_identification:_identify(src/perception_layer) by extensions ['ignore', 'ignore_ament_install']
[0.950s] Level 1:colcon.colcon_core.package_identification:_identify(src/perception_layer) by extension 'ignore'
[0.953s] Level 1:colcon.colcon_core.package_identification:_identify(src/perception_layer) by extension 'ignore_ament_install'
[0.958s] Level 1:colcon.colcon_core.package_identification:_identify(src/perception_layer) by extensions ['colcon_pkg']
[0.958s] Level 1:colcon.colcon_core.package_identification:_identify(src/perception_layer) by extension 'colcon_pkg'
[0.961s] Level 1:colcon.colcon_core.package_identification:_identify(src/perception_layer) by extensions ['colcon_meta']
[0.961s] Level 1:colcon.colcon_core.package_identification:_identify(src/perception_layer) by extension 'colcon_meta'
[0.965s] Level 1:colcon.colcon_core.package_identification:_identify(src/perception_layer) by extensions ['ros']
[0.965s] Level 1:colcon.colcon_core.package_identification:_identify(src/perception_layer) by extension 'ros'
[0.993s] DEBUG:colcon.colcon_core.package_identification:Package 'src/perception_layer' with type 'ros.ament_python' and name 'perception_layer'
[1.001s] Level 1:colcon.colcon_core.package_identification:_identify(src/slam_layer) by extensions ['ignore', 'ignore_ament_install']
[1.001s] Level 1:colcon.colcon_core.package_identification:_identify(src/slam_layer) by extension 'ignore'
[1.004s] Level 1:colcon.colcon_core.package_identification:_identify(src/slam_layer) by extension 'ignore_ament_install'
[1.009s] Level 1:colcon.colcon_core.package_identification:_identify(src/slam_layer) by extensions ['colcon_pkg']
[1.010s] Level 1:colcon.colcon_core.package_identification:_identify(src/slam_layer) by extension 'colcon_pkg'
[1.013s] Level 1:colcon.colcon_core.package_identification:_identify(src/slam_layer) by extensions ['colcon_meta']
[1.013s] Level 1:colcon.colcon_core.package_identification:_identify(src/slam_layer) by extension 'colcon_meta'
[1.017s] Level 1:colcon.colcon_core.package_identification:_identify(src/slam_layer) by extensions ['ros']
[1.018s] Level 1:colcon.colcon_core.package_identification:_identify(src/slam_layer) by extension 'ros'
[1.047s] DEBUG:colcon.colcon_core.package_identification:Package 'src/slam_layer' with type 'ros.ament_cmake' and name 'slam_layer'
[1.057s] Level 1:colcon.colcon_core.package_identification:_identify(src/telemetry) by extensions ['ignore', 'ignore_ament_install']
[1.057s] Level 1:colcon.colcon_core.package_identification:_identify(src/telemetry) by extension 'ignore'
[1.060s] Level 1:colcon.colcon_core.package_identification:_identify(src/telemetry) by extension 'ignore_ament_install'
[1.066s] Level 1:colcon.colcon_core.package_identification:_identify(src/telemetry) by extensions ['colcon_pkg']
[1.066s] Level 1:colcon.colcon_core.package_identification:_identify(src/telemetry) by extension 'colcon_pkg'
[1.069s] Level 1:colcon.colcon_core.package_identification:_identify(src/telemetry) by extensions ['colcon_meta']
[1.069s] Level 1:colcon.colcon_core.package_identification:_identify(src/telemetry) by extension 'colcon_meta'
[1.073s] Level 1:colcon.colcon_core.package_identification:_identify(src/telemetry) by extensions ['ros']
[1.074s] Level 1:colcon.colcon_core.package_identification:_identify(src/telemetry) by extension 'ros'
[1.102s] DEBUG:colcon.colcon_core.package_identification:Package 'src/telemetry' with type 'ros.ament_python' and name 'telemetry'
[1.107s] Level 1:colcon.colcon_core.package_identification:_identify(worlds) by extensions ['ignore', 'ignore_ament_install']
[1.108s] Level 1:colcon.colcon_core.package_identification:_identify(worlds) by extension 'ignore'
[1.110s] Level 1:colcon.colcon_core.package_identification:_identify(worlds) by extension 'ignore_ament_install'
[1.113s] Level 1:colcon.colcon_core.package_identification:_identify(worlds) by extensions ['colcon_pkg']
[1.114s] Level 1:colcon.colcon_core.package_identification:_identify(worlds) by extension 'colcon_pkg'
[1.115s] Level 1:colcon.colcon_core.package_identification:_identify(worlds) by extensions ['colcon_meta']
[1.115s] Level 1:colcon.colcon_core.package_identification:_identify(worlds) by extension 'colcon_meta'
[1.117s] Level 1:colcon.colcon_core.package_identification:_identify(worlds) by extensions ['ros']
[1.117s] Level 1:colcon.colcon_core.package_identification:_identify(worlds) by extension 'ros'
[1.124s] Level 1:colcon.colcon_core.package_identification:_identify(worlds) by extensions ['cmake', 'python']
[1.124s] Level 1:colcon.colcon_core.package_identification:_identify(worlds) by extension 'cmake'
[1.126s] Level 1:colcon.colcon_core.package_identification:_identify(worlds) by extension 'python'
[1.128s] Level 1:colcon.colcon_core.package_identification:_identify(worlds) by extensions ['python_setup_py']
[1.128s] Level 1:colcon.colcon_core.package_identification:_identify(worlds) by extension 'python_setup_py'
[1.130s] Level 1:colcon.colcon_core.package_discovery:discover_packages(recursive) using defaults
[1.130s] Level 1:colcon.colcon_core.package_discovery:discover_packages(ignore) discover
[1.131s] Level 1:colcon.colcon_core.package_discovery:discover_packages(ignore) using defaults
[1.131s] Level 1:colcon.colcon_core.package_discovery:discover_packages(path) discover
[1.131s] Level 1:colcon.colcon_core.package_discovery:discover_packages(path) using defaults
[1.247s] Level 1:colcon.colcon_core.package_discovery:discover_packages(prefix_path) check parameters
[1.248s] Level 1:colcon.colcon_core.package_discovery:discover_packages(prefix_path) discover
[1.255s] DEBUG:colcon.colcon_installed_package_information.package_discovery:Found 290 installed packages in /opt/ros/jazzy
[1.258s] Level 1:colcon.colcon_core.package_discovery:discover_packages(prefix_path) using defaults
[1.306s] Level 5:colcon.colcon_core.verb:set package 'control_layer' build argument 'cmake_args' from command line to 'None'
[1.306s] Level 5:colcon.colcon_core.verb:set package 'control_layer' build argument 'cmake_target' from command line to 'None'
[1.307s] Level 5:colcon.colcon_core.verb:set package 'control_layer' build argument 'cmake_target_skip_unavailable' from command line to 'False'
[1.307s] Level 5:colcon.colcon_core.verb:set package 'control_layer' build argument 'cmake_clean_cache' from command line to 'False'
[1.307s] Level 5:colcon.colcon_core.verb:set package 'control_layer' build argument 'cmake_clean_first' from command line to 'False'
[1.308s] Level 5:colcon.colcon_core.verb:set package 'control_layer' build argument 'cmake_force_configure' from command line to 'False'
[1.308s] Level 5:colcon.colcon_core.verb:set package 'control_layer' build argument 'ament_cmake_args' from command line to 'None'
[1.308s] Level 5:colcon.colcon_core.verb:set package 'control_layer' build argument 'catkin_cmake_args' from command line to 'None'
[1.309s] Level 5:colcon.colcon_core.verb:set package 'control_layer' build argument 'catkin_skip_building_tests' from command line to 'False'
[1.309s] DEBUG:colcon.colcon_core.verb:Building package 'control_layer' with the following arguments: {'ament_cmake_args': None, 'build_base': '/mnt/c/Users/LENOVO/OneDrive/Desktop/drone/build/control_layer', 'catkin_cmake_args': None, 'catkin_skip_building_tests': False, 'cmake_args': None, 'cmake_clean_cache': False, 'cmake_clean_first': False, 'cmake_force_configure': False, 'cmake_target': None, 'cmake_target_skip_unavailable': False, 'install_base': '/mnt/c/Users/LENOVO/OneDrive/Desktop/drone/install/control_layer', 'merge_install': False, 'path': '/mnt/c/Users/LENOVO/OneDrive/Desktop/drone/src/control_layer', 'symlink_install': True, 'test_result_base': None}
[1.309s] Level 5:colcon.colcon_core.verb:set package 'drone_bringup' build argument 'cmake_args' from command line to 'None'
[1.310s] Level 5:colcon.colcon_core.verb:set package 'drone_bringup' build argument 'cmake_target' from command line to 'None'
[1.310s] Level 5:colcon.colcon_core.verb:set package 'drone_bringup' build argument 'cmake_target_skip_unavailable' from command line to 'False'
[1.310s] Level 5:colcon.colcon_core.verb:set package 'drone_bringup' build argument 'cmake_clean_cache' from command line to 'False'
[1.310s] Level 5:colcon.colcon_core.verb:set package 'drone_bringup' build argument 'cmake_clean_first' from command line to 'False'
[1.311s] Level 5:colcon.colcon_core.verb:set package 'drone_bringup' build argument 'cmake_force_configure' from command line to 'False'
[1.312s] Level 5:colcon.colcon_core.verb:set package 'drone_bringup' build argument 'ament_cmake_args' from command line to 'None'
[1.312s] Level 5:colcon.colcon_core.verb:set package 'drone_bringup' build argument 'catkin_cmake_args' from command line to 'None'
[1.312s] Level 5:colcon.colcon_core.verb:set package 'drone_bringup' build argument 'catkin_skip_building_tests' from command line to 'False'
[1.313s] DEBUG:colcon.colcon_core.verb:Building package 'drone_bringup' with the following arguments: {'ament_cmake_args': None, 'build_base': '/mnt/c/Users/LENOVO/OneDrive/Desktop/drone/build/drone_bringup', 'catkin_cmake_args': None, 'catkin_skip_building_tests': False, 'cmake_args': None, 'cmake_clean_cache': False, 'cmake_clean_first': False, 'cmake_force_configure': False, 'cmake_target': None, 'cmake_target_skip_unavailable': False, 'install_base': '/mnt/c/Users/LENOVO/OneDrive/Desktop/drone/install/drone_bringup', 'merge_install': False, 'path': '/mnt/c/Users/LENOVO/OneDrive/Desktop/drone/src/drone_bringup', 'symlink_install': True, 'test_result_base': None}
[1.313s] Level 5:colcon.colcon_core.verb:set package 'fault_handler' build argument 'cmake_args' from command line to 'None'
[1.313s] Level 5:colcon.colcon_core.verb:set package 'fault_handler' build argument 'cmake_target' from command line to 'None'
[1.314s] Level 5:colcon.colcon_core.verb:set package 'fault_handler' build argument 'cmake_target_skip_unavailable' from command line to 'False'
[1.314s] Level 5:colcon.colcon_core.verb:set package 'fault_handler' build argument 'cmake_clean_cache' from command line to 'False'
[1.314s] Level 5:colcon.colcon_core.verb:set package 'fault_handler' build argument 'cmake_clean_first' from command line to 'False'
[1.314s] Level 5:colcon.colcon_core.verb:set package 'fault_handler' build argument 'cmake_force_configure' from command line to 'False'
[1.315s] Level 5:colcon.colcon_core.verb:set package 'fault_handler' build argument 'ament_cmake_args' from command line to 'None'
[1.315s] Level 5:colcon.colcon_core.verb:set package 'fault_handler' build argument 'catkin_cmake_args' from command line to 'None'
[1.315s] Level 5:colcon.colcon_core.verb:set package 'fault_handler' build argument 'catkin_skip_building_tests' from command line to 'False'
[1.315s] DEBUG:colcon.colcon_core.verb:Building package 'fault_handler' with the following arguments: {'ament_cmake_args': None, 'build_base': '/mnt/c/Users/LENOVO/OneDrive/Desktop/drone/build/fault_handler', 'catkin_cmake_args': None, 'catkin_skip_building_tests': False, 'cmake_args': None, 'cmake_clean_cache': False, 'cmake_clean_first': False, 'cmake_force_configure': False, 'cmake_target': None, 'cmake_target_skip_unavailable': False, 'install_base': '/mnt/c/Users/LENOVO/OneDrive/Desktop/drone/install/fault_handler', 'merge_install': False, 'path': '/mnt/c/Users/LENOVO/OneDrive/Desktop/drone/src/fault_handler', 'symlink_install': True, 'test_result_base': None}
[1.316s] Level 5:colcon.colcon_core.verb:set package 'navigation_layer' build argument 'cmake_args' from command line to 'None'
[1.316s] Level 5:colcon.colcon_core.verb:set package 'navigation_layer' build argument 'cmake_target' from command line to 'None'
[1.316s] Level 5:colcon.colcon_core.verb:set package 'navigation_layer' build argument 'cmake_target_skip_unavailable' from command line to 'False'
[1.317s] Level 5:colcon.colcon_core.verb:set package 'navigation_layer' build argument 'cmake_clean_cache' from command line to 'False'
[1.317s] Level 5:colcon.colcon_core.verb:set package 'navigation_layer' build argument 'cmake_clean_first' from command line to 'False'
[1.317s] Level 5:colcon.colcon_core.verb:set package 'navigation_layer' build argument 'cmake_force_configure' from command line to 'False'
[1.317s] Level 5:colcon.colcon_core.verb:set package 'navigation_layer' build argument 'ament_cmake_args' from command line to 'None'
[1.318s] Level 5:colcon.colcon_core.verb:set package 'navigation_layer' build argument 'catkin_cmake_args' from command line to 'None'
[1.318s] Level 5:colcon.colcon_core.verb:set package 'navigation_layer' build argument 'catkin_skip_building_tests' from command line to 'False'
[1.318s] DEBUG:colcon.colcon_core.verb:Building package 'navigation_layer' with the following arguments: {'ament_cmake_args': None, 'build_base': '/mnt/c/Users/LENOVO/OneDrive/Desktop/drone/build/navigation_layer', 'catkin_cmake_args': None, 'catkin_skip_building_tests': False, 'cmake_args': None, 'cmake_clean_cache': False, 'cmake_clean_first': False, 'cmake_force_configure': False, 'cmake_target': None, 'cmake_target_skip_unavailable': False, 'install_base': '/mnt/c/Users/LENOVO/OneDrive/Desktop/drone/install/navigation_layer', 'merge_install': False, 'path': '/mnt/c/Users/LENOVO/OneDrive/Desktop/drone/src/navigation_layer', 'symlink_install': True, 'test_result_base': None}
[1.319s] Level 5:colcon.colcon_core.verb:set package 'perception_layer' build argument 'cmake_args' from command line to 'None'
[1.319s] Level 5:colcon.colcon_core.verb:set package 'perception_layer' build argument 'cmake_target' from command line to 'None'
[1.320s] Level 5:colcon.colcon_core.verb:set package 'perception_layer' build argument 'cmake_target_skip_unavailable' from command line to 'False'
[1.320s] Level 5:colcon.colcon_core.verb:set package 'perception_layer' build argument 'cmake_clean_cache' from command line to 'False'
[1.320s] Level 5:colcon.colcon_core.verb:set package 'perception_layer' build argument 'cmake_clean_first' from command line to 'False'
[1.320s] Level 5:colcon.colcon_core.verb:set package 'perception_layer' build argument 'cmake_force_configure' from command line to 'False'
[1.321s] Level 5:colcon.colcon_core.verb:set package 'perception_layer' build argument 'ament_cmake_args' from command line to 'None'
[1.321s] Level 5:colcon.colcon_core.verb:set package 'perception_layer' build argument 'catkin_cmake_args' from command line to 'None'
[1.321s] Level 5:colcon.colcon_core.verb:set package 'perception_layer' build argument 'catkin_skip_building_tests' from command line to 'False'
[1.321s] DEBUG:colcon.colcon_core.verb:Building package 'perception_layer' with the following arguments: {'ament_cmake_args': None, 'build_base': '/mnt/c/Users/LENOVO/OneDrive/Desktop/drone/build/perception_layer', 'catkin_cmake_args': None, 'catkin_skip_building_tests': False, 'cmake_args': None, 'cmake_clean_cache': False, 'cmake_clean_first': False, 'cmake_force_configure': False, 'cmake_target': None, 'cmake_target_skip_unavailable': False, 'install_base': '/mnt/c/Users/LENOVO/OneDrive/Desktop/drone/install/perception_layer', 'merge_install': False, 'path': '/mnt/c/Users/LENOVO/OneDrive/Desktop/drone/src/perception_layer', 'symlink_install': True, 'test_result_base': None}
[1.322s] Level 5:colcon.colcon_core.verb:set package 'slam_layer' build argument 'cmake_args' from command line to 'None'
[1.322s] Level 5:colcon.colcon_core.verb:set package 'slam_layer' build argument 'cmake_target' from command line to 'None'
[1.323s] Level 5:colcon.colcon_core.verb:set package 'slam_layer' build argument 'cmake_target_skip_unavailable' from command line to 'False'
[1.323s] Level 5:colcon.colcon_core.verb:set package 'slam_layer' build argument 'cmake_clean_cache' from command line to 'False'
[1.323s] Level 5:colcon.colcon_core.verb:set package 'slam_layer' build argument 'cmake_clean_first' from command line to 'False'
[1.323s] Level 5:colcon.colcon_core.verb:set package 'slam_layer' build argument 'cmake_force_configure' from command line to 'False'
[1.324s] Level 5:colcon.colcon_core.verb:set package 'slam_layer' build argument 'ament_cmake_args' from command line to 'None'
[1.324s] Level 5:colcon.colcon_core.verb:set package 'slam_layer' build argument 'catkin_cmake_args' from command line to 'None'
[1.324s] Level 5:colcon.colcon_core.verb:set package 'slam_layer' build argument 'catkin_skip_building_tests' from command line to 'False'
[1.324s] DEBUG:colcon.colcon_core.verb:Building package 'slam_layer' with the following arguments: {'ament_cmake_args': None, 'build_base': '/mnt/c/Users/LENOVO/OneDrive/Desktop/drone/build/slam_layer', 'catkin_cmake_args': None, 'catkin_skip_building_tests': False, 'cmake_args': None, 'cmake_clean_cache': False, 'cmake_clean_first': False, 'cmake_force_configure': False, 'cmake_target': None, 'cmake_target_skip_unavailable': False, 'install_base': '/mnt/c/Users/LENOVO/OneDrive/Desktop/drone/install/slam_layer', 'merge_install': False, 'path': '/mnt/c/Users/LENOVO/OneDrive/Desktop/drone/src/slam_layer', 'symlink_install': True, 'test_result_base': None}
[1.325s] Level 5:colcon.colcon_core.verb:set package 'telemetry' build argument 'cmake_args' from command line to 'None'
[1.325s] Level 5:colcon.colcon_core.verb:set package 'telemetry' build argument 'cmake_target' from command line to 'None'
[1.326s] Level 5:colcon.colcon_core.verb:set package 'telemetry' build argument 'cmake_target_skip_unavailable' from command line to 'False'
[1.326s] Level 5:colcon.colcon_core.verb:set package 'telemetry' build argument 'cmake_clean_cache' from command line to 'False'
[1.327s] Level 5:colcon.colcon_core.verb:set package 'telemetry' build argument 'cmake_clean_first' from command line to 'False'
[1.327s] Level 5:colcon.colcon_core.verb:set package 'telemetry' build argument 'cmake_force_configure' from command line to 'False'
[1.327s] Level 5:colcon.colcon_core.verb:set package 'telemetry' build argument 'ament_cmake_args' from command line to 'None'
[1.327s] Level 5:colcon.colcon_core.verb:set package 'telemetry' build argument 'catkin_cmake_args' from command line to 'None'
[1.327s] Level 5:colcon.colcon_core.verb:set package 'telemetry' build argument 'catkin_skip_building_tests' from command line to 'False'
[1.328s] DEBUG:colcon.colcon_core.verb:Building package 'telemetry' with the following arguments: {'ament_cmake_args': None, 'build_base': '/mnt/c/Users/LENOVO/OneDrive/Desktop/drone/build/telemetry', 'catkin_cmake_args': None, 'catkin_skip_building_tests': False, 'cmake_args': None, 'cmake_clean_cache': False, 'cmake_clean_first': False, 'cmake_force_configure': False, 'cmake_target': None, 'cmake_target_skip_unavailable': False, 'install_base': '/mnt/c/Users/LENOVO/OneDrive/Desktop/drone/install/telemetry', 'merge_install': False, 'path': '/mnt/c/Users/LENOVO/OneDrive/Desktop/drone/src/telemetry', 'symlink_install': True, 'test_result_base': None}
[1.328s] INFO:colcon.colcon_core.executor:Executing jobs using 'parallel' executor
[1.330s] DEBUG:colcon.colcon_parallel_executor.executor.parallel:run_until_complete
[1.330s] INFO:colcon.colcon_ros.task.ament_cmake.build:Building ROS package in '/mnt/c/Users/LENOVO/OneDrive/Desktop/drone/src/control_layer' with build type 'ament_cmake'
[1.331s] INFO:colcon.colcon_cmake.task.cmake.build:Building CMake package in '/mnt/c/Users/LENOVO/OneDrive/Desktop/drone/src/control_layer'
[1.338s] INFO:colcon.colcon_core.plugin_system:Skipping extension 'colcon_core.shell.bat': Not used on non-Windows systems
[1.339s] INFO:colcon.colcon_core.shell:Skip shell extension 'powershell' for command environment: Not usable outside of PowerShell
[1.339s] DEBUG:colcon.colcon_core.shell:Skip shell extension 'dsv' for command environment
[1.359s] INFO:colcon.colcon_ros.task.ament_python.build:Building ROS package in '/mnt/c/Users/LENOVO/OneDrive/Desktop/drone/src/drone_bringup' with build type 'ament_python'
[1.360s] Level 1:colcon.colcon_core.shell:create_environment_hook('drone_bringup', 'ament_prefix_path')
[1.361s] INFO:colcon.colcon_core.shell:Creating environment hook '/mnt/c/Users/LENOVO/OneDrive/Desktop/drone/install/drone_bringup/share/drone_bringup/hook/ament_prefix_path.ps1'
[1.396s] INFO:colcon.colcon_core.shell:Creating environment descriptor '/mnt/c/Users/LENOVO/OneDrive/Desktop/drone/install/drone_bringup/share/drone_bringup/hook/ament_prefix_path.dsv'
[1.424s] INFO:colcon.colcon_core.shell:Creating environment hook '/mnt/c/Users/LENOVO/OneDrive/Desktop/drone/install/drone_bringup/share/drone_bringup/hook/ament_prefix_path.sh'
[1.451s] INFO:colcon.colcon_core.shell:Skip shell extension 'powershell' for command environment: Not usable outside of PowerShell
[1.452s] DEBUG:colcon.colcon_core.shell:Skip shell extension 'dsv' for command environment
[1.469s] INFO:colcon.colcon_ros.task.ament_python.build:Building ROS package in '/mnt/c/Users/LENOVO/OneDrive/Desktop/drone/src/fault_handler' with build type 'ament_python'
[1.470s] Level 1:colcon.colcon_core.shell:create_environment_hook('fault_handler', 'ament_prefix_path')
[1.470s] INFO:colcon.colcon_core.shell:Creating environment hook '/mnt/c/Users/LENOVO/OneDrive/Desktop/drone/install/fault_handler/share/fault_handler/hook/ament_prefix_path.ps1'
[1.501s] INFO:colcon.colcon_core.shell:Creating environment descriptor '/mnt/c/Users/LENOVO/OneDrive/Desktop/drone/install/fault_handler/share/fault_handler/hook/ament_prefix_path.dsv'
[1.531s] INFO:colcon.colcon_core.shell:Creating environment hook '/mnt/c/Users/LENOVO/OneDrive/Desktop/drone/install/fault_handler/share/fault_handler/hook/ament_prefix_path.sh'
[1.561s] INFO:colcon.colcon_core.shell:Skip shell extension 'powershell' for command environment: Not usable outside of PowerShell
[1.561s] DEBUG:colcon.colcon_core.shell:Skip shell extension 'dsv' for command environment
[1.582s] INFO:colcon.colcon_ros.task.ament_python.build:Building ROS package in '/mnt/c/Users/LENOVO/OneDrive/Desktop/drone/src/navigation_layer' with build type 'ament_python'
[1.582s] Level 1:colcon.colcon_core.shell:create_environment_hook('navigation_layer', 'ament_prefix_path')
[1.583s] INFO:colcon.colcon_core.shell:Creating environment hook '/mnt/c/Users/LENOVO/OneDrive/Desktop/drone/install/navigation_layer/share/navigation_layer/hook/ament_prefix_path.ps1'
[1.611s] INFO:colcon.colcon_core.shell:Creating environment descriptor '/mnt/c/Users/LENOVO/OneDrive/Desktop/drone/install/navigation_layer/share/navigation_layer/hook/ament_prefix_path.dsv'
[1.642s] INFO:colcon.colcon_core.shell:Creating environment hook '/mnt/c/Users/LENOVO/OneDrive/Desktop/drone/install/navigation_layer/share/navigation_layer/hook/ament_prefix_path.sh'
[1.672s] INFO:colcon.colcon_core.shell:Skip shell extension 'powershell' for command environment: Not usable outside of PowerShell
[1.672s] DEBUG:colcon.colcon_core.shell:Skip shell extension 'dsv' for command environment
[1.693s] INFO:colcon.colcon_ros.task.ament_python.build:Building ROS package in '/mnt/c/Users/LENOVO/OneDrive/Desktop/drone/src/perception_layer' with build type 'ament_python'
[1.694s] Level 1:colcon.colcon_core.shell:create_environment_hook('perception_layer', 'ament_prefix_path')
[1.695s] INFO:colcon.colcon_core.shell:Creating environment hook '/mnt/c/Users/LENOVO/OneDrive/Desktop/drone/install/perception_layer/share/perception_layer/hook/ament_prefix_path.ps1'
[1.724s] INFO:colcon.colcon_core.shell:Creating environment descriptor '/mnt/c/Users/LENOVO/OneDrive/Desktop/drone/install/perception_layer/share/perception_layer/hook/ament_prefix_path.dsv'
[1.753s] INFO:colcon.colcon_core.shell:Creating environment hook '/mnt/c/Users/LENOVO/OneDrive/Desktop/drone/install/perception_layer/share/perception_layer/hook/ament_prefix_path.sh'
[1.782s] INFO:colcon.colcon_core.shell:Skip shell extension 'powershell' for command environment: Not usable outside of PowerShell
[1.782s] DEBUG:colcon.colcon_core.shell:Skip shell extension 'dsv' for command environment
[1.802s] INFO:colcon.colcon_ros.task.ament_cmake.build:Building ROS package in '/mnt/c/Users/LENOVO/OneDrive/Desktop/drone/src/slam_layer' with build type 'ament_cmake'
[1.802s] INFO:colcon.colcon_cmake.task.cmake.build:Building CMake package in '/mnt/c/Users/LENOVO/OneDrive/Desktop/drone/src/slam_layer'
[1.803s] INFO:colcon.colcon_core.shell:Skip shell extension 'powershell' for command environment: Not usable outside of PowerShell
[1.803s] DEBUG:colcon.colcon_core.shell:Skip shell extension 'dsv' for command environment
[1.820s] INFO:colcon.colcon_ros.task.ament_python.build:Building ROS package in '/mnt/c/Users/LENOVO/OneDrive/Desktop/drone/src/telemetry' with build type 'ament_python'
[1.820s] Level 1:colcon.colcon_core.shell:create_environment_hook('telemetry', 'ament_prefix_path')
[1.821s] INFO:colcon.colcon_core.shell:Creating environment hook '/mnt/c/Users/LENOVO/OneDrive/Desktop/drone/install/telemetry/share/telemetry/hook/ament_prefix_path.ps1'
[1.850s] INFO:colcon.colcon_core.shell:Creating environment descriptor '/mnt/c/Users/LENOVO/OneDrive/Desktop/drone/install/telemetry/share/telemetry/hook/ament_prefix_path.dsv'
[1.879s] INFO:colcon.colcon_core.shell:Creating environment hook '/mnt/c/Users/LENOVO/OneDrive/Desktop/drone/install/telemetry/share/telemetry/hook/ament_prefix_path.sh'
[1.908s] INFO:colcon.colcon_core.shell:Skip shell extension 'powershell' for command environment: Not usable outside of PowerShell
[1.909s] DEBUG:colcon.colcon_core.shell:Skip shell extension 'dsv' for command environment
[2.028s] DEBUG:colcon.colcon_core.event_handler.log_command:Invoking command in '/mnt/c/Users/LENOVO/OneDrive/Desktop/drone/build/control_layer': CMAKE_PREFIX_PATH=${CMAKE_PREFIX_PATH}:/opt/ros/jazzy /usr/bin/cmake /mnt/c/Users/LENOVO/OneDrive/Desktop/drone/src/control_layer -DAMENT_CMAKE_SYMLINK_INSTALL=1 -DCMAKE_INSTALL_PREFIX=/mnt/c/Users/LENOVO/OneDrive/Desktop/drone/install/control_layer
[2.390s] INFO:colcon.colcon_core.task.python.build:Building Python package in '/mnt/c/Users/LENOVO/OneDrive/Desktop/drone/src/drone_bringup'
[2.390s] INFO:colcon.colcon_core.shell:Skip shell extension 'powershell' for command environment: Not usable outside of PowerShell
[2.391s] DEBUG:colcon.colcon_core.shell:Skip shell extension 'dsv' for command environment
[2.744s] INFO:colcon.colcon_core.task.python.build:Building Python package in '/mnt/c/Users/LENOVO/OneDrive/Desktop/drone/src/fault_handler'
[2.745s] INFO:colcon.colcon_core.shell:Skip shell extension 'powershell' for command environment: Not usable outside of PowerShell
[2.745s] DEBUG:colcon.colcon_core.shell:Skip shell extension 'dsv' for command environment
[3.072s] INFO:colcon.colcon_core.task.python.build:Building Python package in '/mnt/c/Users/LENOVO/OneDrive/Desktop/drone/src/navigation_layer'
[3.072s] INFO:colcon.colcon_core.shell:Skip shell extension 'powershell' for command environment: Not usable outside of PowerShell
[3.072s] DEBUG:colcon.colcon_core.shell:Skip shell extension 'dsv' for command environment
[3.395s] INFO:colcon.colcon_core.task.python.build:Building Python package in '/mnt/c/Users/LENOVO/OneDrive/Desktop/drone/src/perception_layer'
[3.396s] INFO:colcon.colcon_core.shell:Skip shell extension 'powershell' for command environment: Not usable outside of PowerShell
[3.396s] DEBUG:colcon.colcon_core.shell:Skip shell extension 'dsv' for command environment
[3.498s] DEBUG:colcon.colcon_core.event_handler.log_command:Invoking command in '/mnt/c/Users/LENOVO/OneDrive/Desktop/drone/build/slam_layer': CMAKE_PREFIX_PATH=${CMAKE_PREFIX_PATH}:/opt/ros/jazzy /usr/bin/cmake /mnt/c/Users/LENOVO/OneDrive/Desktop/drone/src/slam_layer -DAMENT_CMAKE_SYMLINK_INSTALL=1 -DCMAKE_INSTALL_PREFIX=/mnt/c/Users/LENOVO/OneDrive/Desktop/drone/install/slam_layer
[3.852s] INFO:colcon.colcon_core.task.python.build:Building Python package in '/mnt/c/Users/LENOVO/OneDrive/Desktop/drone/src/telemetry'
[3.852s] INFO:colcon.colcon_core.shell:Skip shell extension 'powershell' for command environment: Not usable outside of PowerShell
[3.853s] DEBUG:colcon.colcon_core.shell:Skip shell extension 'dsv' for command environment
[6.681s] DEBUG:colcon.colcon_core.event_handler.log_command:Invoking command in '/mnt/c/Users/LENOVO/OneDrive/Desktop/drone/build/perception_layer': PYTHONPATH=/mnt/c/Users/LENOVO/OneDrive/Desktop/drone/build/perception_layer/prefix_override:/usr/lib/python3/dist-packages/colcon_core/task/python/colcon_distutils_commands:/mnt/c/Users/LENOVO/OneDrive/Desktop/drone/install/perception_layer/lib/python3.12/site-packages:${PYTHONPATH} /usr/bin/python3 -W ignore:setup.py install is deprecated -W ignore:easy_install command is deprecated setup.py develop --editable --build-directory /mnt/c/Users/LENOVO/OneDrive/Desktop/drone/build/perception_layer/build --no-deps symlink_data
[6.791s] DEBUG:colcon.colcon_core.event_handler.log_command:Invoking command in '/mnt/c/Users/LENOVO/OneDrive/Desktop/drone/build/drone_bringup': PYTHONPATH=/mnt/c/Users/LENOVO/OneDrive/Desktop/drone/build/drone_bringup/prefix_override:/usr/lib/python3/dist-packages/colcon_core/task/python/colcon_distutils_commands:/mnt/c/Users/LENOVO/OneDrive/Desktop/drone/install/drone_bringup/lib/python3.12/site-packages:${PYTHONPATH} /usr/bin/python3 -W ignore:setup.py install is deprecated -W ignore:easy_install command is deprecated setup.py develop --editable --build-directory /mnt/c/Users/LENOVO/OneDrive/Desktop/drone/build/drone_bringup/build --no-deps symlink_data
[6.970s] DEBUG:colcon.colcon_core.event_handler.log_command:Invoking command in '/mnt/c/Users/LENOVO/OneDrive/Desktop/drone/build/navigation_layer': PYTHONPATH=/mnt/c/Users/LENOVO/OneDrive/Desktop/drone/build/navigation_layer/prefix_override:/usr/lib/python3/dist-packages/colcon_core/task/python/colcon_distutils_commands:/mnt/c/Users/LENOVO/OneDrive/Desktop/drone/install/navigation_layer/lib/python3.12/site-packages:${PYTHONPATH} /usr/bin/python3 -W ignore:setup.py install is deprecated -W ignore:easy_install command is deprecated setup.py develop --editable --build-directory /mnt/c/Users/LENOVO/OneDrive/Desktop/drone/build/navigation_layer/build --no-deps symlink_data
[7.099s] DEBUG:colcon.colcon_core.event_handler.log_command:Invoking command in '/mnt/c/Users/LENOVO/OneDrive/Desktop/drone/build/fault_handler': PYTHONPATH=/mnt/c/Users/LENOVO/OneDrive/Desktop/drone/build/fault_handler/prefix_override:/usr/lib/python3/dist-packages/colcon_core/task/python/colcon_distutils_commands:/mnt/c/Users/LENOVO/OneDrive/Desktop/drone/install/fault_handler/lib/python3.12/site-packages:${PYTHONPATH} /usr/bin/python3 -W ignore:setup.py install is deprecated -W ignore:easy_install command is deprecated setup.py develop --editable --build-directory /mnt/c/Users/LENOVO/OneDrive/Desktop/drone/build/fault_handler/build --no-deps symlink_data
[7.228s] DEBUG:colcon.colcon_core.event_handler.log_command:Invoking command in '/mnt/c/Users/LENOVO/OneDrive/Desktop/drone/build/telemetry': PYTHONPATH=/mnt/c/Users/LENOVO/OneDrive/Desktop/drone/build/telemetry/prefix_override:/usr/lib/python3/dist-packages/colcon_core/task/python/colcon_distutils_commands:/mnt/c/Users/LENOVO/OneDrive/Desktop/drone/install/telemetry/lib/python3.12/site-packages:${PYTHONPATH} /usr/bin/python3 -W ignore:setup.py install is deprecated -W ignore:easy_install command is deprecated setup.py develop --editable --build-directory /mnt/c/Users/LENOVO/OneDrive/Desktop/drone/build/telemetry/build --no-deps symlink_data
[9.728s] Level 1:colcon.colcon_core.shell:create_environment_hook('perception_layer', 'pythonpath_develop')
[9.729s] INFO:colcon.colcon_core.shell:Creating environment hook '/mnt/c/Users/LENOVO/OneDrive/Desktop/drone/build/perception_layer/share/perception_layer/hook/pythonpath_develop.ps1'
[9.731s] DEBUG:colcon.colcon_core.event_handler.log_command:Invoked command in '/mnt/c/Users/LENOVO/OneDrive/Desktop/drone/build/perception_layer' returned '0': PYTHONPATH=/mnt/c/Users/LENOVO/OneDrive/Desktop/drone/build/perception_layer/prefix_override:/usr/lib/python3/dist-packages/colcon_core/task/python/colcon_distutils_commands:/mnt/c/Users/LENOVO/OneDrive/Desktop/drone/install/perception_layer/lib/python3.12/site-packages:${PYTHONPATH} /usr/bin/python3 -W ignore:setup.py install is deprecated -W ignore:easy_install command is deprecated setup.py develop --editable --build-directory /mnt/c/Users/LENOVO/OneDrive/Desktop/drone/build/perception_layer/build --no-deps symlink_data
[9.762s] INFO:colcon.colcon_core.shell:Creating environment descriptor '/mnt/c/Users/LENOVO/OneDrive/Desktop/drone/build/perception_layer/share/perception_layer/hook/pythonpath_develop.dsv'
[9.791s] INFO:colcon.colcon_core.shell:Creating environment hook '/mnt/c/Users/LENOVO/OneDrive/Desktop/drone/build/perception_layer/share/perception_layer/hook/pythonpath_develop.sh'
[9.828s] Level 1:colcon.colcon_core.environment:checking '/mnt/c/Users/LENOVO/OneDrive/Desktop/drone/install/perception_layer' for CMake module files
[9.911s] Level 1:colcon.colcon_core.environment:checking '/mnt/c/Users/LENOVO/OneDrive/Desktop/drone/install/perception_layer' for CMake config files
[10.062s] Level 1:colcon.colcon_core.environment:checking '/mnt/c/Users/LENOVO/OneDrive/Desktop/drone/install/perception_layer/lib'
[10.071s] Level 1:colcon.colcon_core.environment:checking '/mnt/c/Users/LENOVO/OneDrive/Desktop/drone/install/perception_layer/bin'
[10.084s] Level 1:colcon.colcon_core.shell:create_environment_hook('perception_layer', 'path')
[10.085s] INFO:colcon.colcon_core.shell:Creating environment hook '/mnt/c/Users/LENOVO/OneDrive/Desktop/drone/install/perception_layer/share/perception_layer/hook/path.ps1'
[10.112s] INFO:colcon.colcon_core.shell:Creating environment descriptor '/mnt/c/Users/LENOVO/OneDrive/Desktop/drone/install/perception_layer/share/perception_layer/hook/path.dsv'
[10.139s] INFO:colcon.colcon_core.shell:Creating environment hook '/mnt/c/Users/LENOVO/OneDrive/Desktop/drone/install/perception_layer/share/perception_layer/hook/path.sh'
[10.166s] Level 1:colcon.colcon_core.environment:checking '/mnt/c/Users/LENOVO/OneDrive/Desktop/drone/install/perception_layer/lib/pkgconfig/perception_layer.pc'
[10.170s] Level 1:colcon.colcon_core.environment:checking '/mnt/c/Users/LENOVO/OneDrive/Desktop/drone/install/perception_layer/lib/python3.12/site-packages'
[10.177s] Level 1:colcon.colcon_core.shell:create_environment_hook('perception_layer', 'pythonpath')
[10.178s] INFO:colcon.colcon_core.shell:Creating environment hook '/mnt/c/Users/LENOVO/OneDrive/Desktop/drone/install/perception_layer/share/perception_layer/hook/pythonpath.ps1'
[10.206s] INFO:colcon.colcon_core.shell:Creating environment descriptor '/mnt/c/Users/LENOVO/OneDrive/Desktop/drone/install/perception_layer/share/perception_layer/hook/pythonpath.dsv'
[10.234s] INFO:colcon.colcon_core.shell:Creating environment hook '/mnt/c/Users/LENOVO/OneDrive/Desktop/drone/install/perception_layer/share/perception_layer/hook/pythonpath.sh'
[10.263s] Level 1:colcon.colcon_core.environment:checking '/mnt/c/Users/LENOVO/OneDrive/Desktop/drone/install/perception_layer/bin'
[10.275s] Level 1:colcon.colcon_core.shell:create_environment_hook('perception_layer', 'pythonscriptspath')
[10.276s] INFO:colcon.colcon_core.shell:Creating environment hook '/mnt/c/Users/LENOVO/OneDrive/Desktop/drone/install/perception_layer/share/perception_layer/hook/pythonscriptspath.ps1'
[10.305s] INFO:colcon.colcon_core.shell:Creating environment descriptor '/mnt/c/Users/LENOVO/OneDrive/Desktop/drone/install/perception_layer/share/perception_layer/hook/pythonscriptspath.dsv'
[10.330s] INFO:colcon.colcon_core.shell:Creating environment hook '/mnt/c/Users/LENOVO/OneDrive/Desktop/drone/install/perception_layer/share/perception_layer/hook/pythonscriptspath.sh'
[10.353s] Level 1:colcon.colcon_core.environment:create_environment_scripts_only(perception_layer)
[10.354s] INFO:colcon.colcon_core.shell:Creating package script '/mnt/c/Users/LENOVO/OneDrive/Desktop/drone/install/perception_layer/share/perception_layer/package.ps1'
[10.377s] INFO:colcon.colcon_core.shell:Creating package descriptor '/mnt/c/Users/LENOVO/OneDrive/Desktop/drone/install/perception_layer/share/perception_layer/package.dsv'
[10.397s] INFO:colcon.colcon_core.shell:Creating package script '/mnt/c/Users/LENOVO/OneDrive/Desktop/drone/install/perception_layer/share/perception_layer/package.sh'
[10.424s] INFO:colcon.colcon_core.shell:Creating package script '/mnt/c/Users/LENOVO/OneDrive/Desktop/drone/install/perception_layer/share/perception_layer/package.bash'
[10.449s] INFO:colcon.colcon_core.shell:Creating package script '/mnt/c/Users/LENOVO/OneDrive/Desktop/drone/install/perception_layer/share/perception_layer/package.zsh'
[10.473s] Level 1:colcon.colcon_core.environment:create_file_with_runtime_dependencies(/mnt/c/Users/LENOVO/OneDrive/Desktop/drone/install/perception_layer/share/colcon-core/packages/perception_layer)
[10.499s] Level 1:colcon.colcon_core.shell:create_environment_hook('drone_bringup', 'pythonpath_develop')
[10.500s] INFO:colcon.colcon_core.shell:Creating environment hook '/mnt/c/Users/LENOVO/OneDrive/Desktop/drone/build/drone_bringup/share/drone_bringup/hook/pythonpath_develop.ps1'
[10.511s] DEBUG:colcon.colcon_core.event_handler.log_command:Invoked command in '/mnt/c/Users/LENOVO/OneDrive/Desktop/drone/build/fault_handler' returned '1': PYTHONPATH=/mnt/c/Users/LENOVO/OneDrive/Desktop/drone/build/fault_handler/prefix_override:/usr/lib/python3/dist-packages/colcon_core/task/python/colcon_distutils_commands:/mnt/c/Users/LENOVO/OneDrive/Desktop/drone/install/fault_handler/lib/python3.12/site-packages:${PYTHONPATH} /usr/bin/python3 -W ignore:setup.py install is deprecated -W ignore:easy_install command is deprecated setup.py develop --editable --build-directory /mnt/c/Users/LENOVO/OneDrive/Desktop/drone/build/fault_handler/build --no-deps symlink_data
[10.526s] DEBUG:colcon.colcon_core.event_handler.log_command:Invoked command in '/mnt/c/Users/LENOVO/OneDrive/Desktop/drone/build/drone_bringup' returned '0': PYTHONPATH=/mnt/c/Users/LENOVO/OneDrive/Desktop/drone/build/drone_bringup/prefix_override:/usr/lib/python3/dist-packages/colcon_core/task/python/colcon_distutils_commands:/mnt/c/Users/LENOVO/OneDrive/Desktop/drone/install/drone_bringup/lib/python3.12/site-packages:${PYTHONPATH} /usr/bin/python3 -W ignore:setup.py install is deprecated -W ignore:easy_install command is deprecated setup.py develop --editable --build-directory /mnt/c/Users/LENOVO/OneDrive/Desktop/drone/build/drone_bringup/build --no-deps symlink_data
[10.527s] INFO:colcon.colcon_core.shell:Creating environment descriptor '/mnt/c/Users/LENOVO/OneDrive/Desktop/drone/build/drone_bringup/share/drone_bringup/hook/pythonpath_develop.dsv'
[10.547s] INFO:colcon.colcon_core.shell:Creating environment hook '/mnt/c/Users/LENOVO/OneDrive/Desktop/drone/build/drone_bringup/share/drone_bringup/hook/pythonpath_develop.sh'
[10.570s] Level 1:colcon.colcon_core.environment:checking '/mnt/c/Users/LENOVO/OneDrive/Desktop/drone/install/drone_bringup' for CMake module files
[10.655s] Level 1:colcon.colcon_core.environment:checking '/mnt/c/Users/LENOVO/OneDrive/Desktop/drone/install/drone_bringup' for CMake config files
[10.826s] Level 1:colcon.colcon_core.environment:checking '/mnt/c/Users/LENOVO/OneDrive/Desktop/drone/install/drone_bringup/lib'
[10.834s] Level 1:colcon.colcon_core.environment:checking '/mnt/c/Users/LENOVO/OneDrive/Desktop/drone/install/drone_bringup/bin'
[10.836s] Level 1:colcon.colcon_core.environment:checking '/mnt/c/Users/LENOVO/OneDrive/Desktop/drone/install/drone_bringup/lib/pkgconfig/drone_bringup.pc'
[10.840s] Level 1:colcon.colcon_core.environment:checking '/mnt/c/Users/LENOVO/OneDrive/Desktop/drone/install/drone_bringup/lib/python3.12/site-packages'
[10.846s] Level 1:colcon.colcon_core.shell:create_environment_hook('drone_bringup', 'pythonpath')
[10.846s] INFO:colcon.colcon_core.shell:Creating environment hook '/mnt/c/Users/LENOVO/OneDrive/Desktop/drone/install/drone_bringup/share/drone_bringup/hook/pythonpath.ps1'
[10.872s] INFO:colcon.colcon_core.shell:Creating environment descriptor '/mnt/c/Users/LENOVO/OneDrive/Desktop/drone/install/drone_bringup/share/drone_bringup/hook/pythonpath.dsv'
[10.898s] INFO:colcon.colcon_core.shell:Creating environment hook '/mnt/c/Users/LENOVO/OneDrive/Desktop/drone/install/drone_bringup/share/drone_bringup/hook/pythonpath.sh'
[10.924s] Level 1:colcon.colcon_core.environment:checking '/mnt/c/Users/LENOVO/OneDrive/Desktop/drone/install/drone_bringup/bin'
[10.927s] Level 1:colcon.colcon_core.environment:create_environment_scripts_only(drone_bringup)
[10.927s] INFO:colcon.colcon_core.shell:Creating package script '/mnt/c/Users/LENOVO/OneDrive/Desktop/drone/install/drone_bringup/share/drone_bringup/package.ps1'
[10.954s] INFO:colcon.colcon_core.shell:Creating package descriptor '/mnt/c/Users/LENOVO/OneDrive/Desktop/drone/install/drone_bringup/share/drone_bringup/package.dsv'
[10.976s] INFO:colcon.colcon_core.shell:Creating package script '/mnt/c/Users/LENOVO/OneDrive/Desktop/drone/install/drone_bringup/share/drone_bringup/package.sh'
[10.999s] INFO:colcon.colcon_core.shell:Creating package script '/mnt/c/Users/LENOVO/OneDrive/Desktop/drone/install/drone_bringup/share/drone_bringup/package.bash'
[11.024s] INFO:colcon.colcon_core.shell:Creating package script '/mnt/c/Users/LENOVO/OneDrive/Desktop/drone/install/drone_bringup/share/drone_bringup/package.zsh'
[11.047s] Level 1:colcon.colcon_core.environment:create_file_with_runtime_dependencies(/mnt/c/Users/LENOVO/OneDrive/Desktop/drone/install/drone_bringup/share/colcon-core/packages/drone_bringup)
[11.081s] DEBUG:colcon.colcon_core.event_handler.log_command:Invoked command in '/mnt/c/Users/LENOVO/OneDrive/Desktop/drone/build/control_layer' returned '0': CMAKE_PREFIX_PATH=${CMAKE_PREFIX_PATH}:/opt/ros/jazzy /usr/bin/cmake /mnt/c/Users/LENOVO/OneDrive/Desktop/drone/src/control_layer -DAMENT_CMAKE_SYMLINK_INSTALL=1 -DCMAKE_INSTALL_PREFIX=/mnt/c/Users/LENOVO/OneDrive/Desktop/drone/install/control_layer
[11.085s] Level 1:colcon.colcon_core.shell:create_environment_hook('navigation_layer', 'pythonpath_develop')
[11.086s] INFO:colcon.colcon_core.shell:Creating environment hook '/mnt/c/Users/LENOVO/OneDrive/Desktop/drone/build/navigation_layer/share/navigation_layer/hook/pythonpath_develop.ps1'
[11.086s] DEBUG:colcon.colcon_core.event_handler.log_command:Invoking command in '/mnt/c/Users/LENOVO/OneDrive/Desktop/drone/build/control_layer': CMAKE_PREFIX_PATH=${CMAKE_PREFIX_PATH}:/opt/ros/jazzy /usr/bin/cmake --build /mnt/c/Users/LENOVO/OneDrive/Desktop/drone/build/control_layer -- -j16 -l16
[11.088s] DEBUG:colcon.colcon_core.event_handler.log_command:Invoked command in '/mnt/c/Users/LENOVO/OneDrive/Desktop/drone/build/navigation_layer' returned '0': PYTHONPATH=/mnt/c/Users/LENOVO/OneDrive/Desktop/drone/build/navigation_layer/prefix_override:/usr/lib/python3/dist-packages/colcon_core/task/python/colcon_distutils_commands:/mnt/c/Users/LENOVO/OneDrive/Desktop/drone/install/navigation_layer/lib/python3.12/site-packages:${PYTHONPATH} /usr/bin/python3 -W ignore:setup.py install is deprecated -W ignore:easy_install command is deprecated setup.py develop --editable --build-directory /mnt/c/Users/LENOVO/OneDrive/Desktop/drone/build/navigation_layer/build --no-deps symlink_data
[11.113s] INFO:colcon.colcon_core.shell:Creating environment descriptor '/mnt/c/Users/LENOVO/OneDrive/Desktop/drone/build/navigation_layer/share/navigation_layer/hook/pythonpath_develop.dsv'
[11.136s] INFO:colcon.colcon_core.shell:Creating environment hook '/mnt/c/Users/LENOVO/OneDrive/Desktop/drone/build/navigation_layer/share/navigation_layer/hook/pythonpath_develop.sh'
[11.160s] Level 1:colcon.colcon_core.environment:checking '/mnt/c/Users/LENOVO/OneDrive/Desktop/drone/install/navigation_layer' for CMake module files
[11.247s] Level 1:colcon.colcon_core.environment:checking '/mnt/c/Users/LENOVO/OneDrive/Desktop/drone/install/navigation_layer' for CMake config files
[11.425s] Level 1:colcon.colcon_core.environment:checking '/mnt/c/Users/LENOVO/OneDrive/Desktop/drone/install/navigation_layer/lib'
[11.435s] Level 1:colcon.colcon_core.environment:checking '/mnt/c/Users/LENOVO/OneDrive/Desktop/drone/install/navigation_layer/bin'
[11.449s] Level 1:colcon.colcon_core.shell:create_environment_hook('navigation_layer', 'path')
[11.450s] INFO:colcon.colcon_core.shell:Creating environment hook '/mnt/c/Users/LENOVO/OneDrive/Desktop/drone/install/navigation_layer/share/navigation_layer/hook/path.ps1'
[11.478s] INFO:colcon.colcon_core.shell:Creating environment descriptor '/mnt/c/Users/LENOVO/OneDrive/Desktop/drone/install/navigation_layer/share/navigation_layer/hook/path.dsv'
[11.507s] INFO:colcon.colcon_core.shell:Creating environment hook '/mnt/c/Users/LENOVO/OneDrive/Desktop/drone/install/navigation_layer/share/navigation_layer/hook/path.sh'
[11.545s] Level 1:colcon.colcon_core.environment:checking '/mnt/c/Users/LENOVO/OneDrive/Desktop/drone/install/navigation_layer/lib/pkgconfig/navigation_layer.pc'
[11.551s] Level 1:colcon.colcon_core.environment:checking '/mnt/c/Users/LENOVO/OneDrive/Desktop/drone/install/navigation_layer/lib/python3.12/site-packages'
[11.557s] Level 1:colcon.colcon_core.shell:create_environment_hook('navigation_layer', 'pythonpath')
[11.558s] INFO:colcon.colcon_core.shell:Creating environment hook '/mnt/c/Users/LENOVO/OneDrive/Desktop/drone/install/navigation_layer/share/navigation_layer/hook/pythonpath.ps1'
[11.588s] INFO:colcon.colcon_core.shell:Creating environment descriptor '/mnt/c/Users/LENOVO/OneDrive/Desktop/drone/install/navigation_layer/share/navigation_layer/hook/pythonpath.dsv'
[11.620s] INFO:colcon.colcon_core.shell:Creating environment hook '/mnt/c/Users/LENOVO/OneDrive/Desktop/drone/install/navigation_layer/share/navigation_layer/hook/pythonpath.sh'
[11.650s] Level 1:colcon.colcon_core.environment:checking '/mnt/c/Users/LENOVO/OneDrive/Desktop/drone/install/navigation_layer/bin'
[11.667s] Level 1:colcon.colcon_core.shell:create_environment_hook('navigation_layer', 'pythonscriptspath')
[11.668s] INFO:colcon.colcon_core.shell:Creating environment hook '/mnt/c/Users/LENOVO/OneDrive/Desktop/drone/install/navigation_layer/share/navigation_layer/hook/pythonscriptspath.ps1'
[11.696s] INFO:colcon.colcon_core.shell:Creating environment descriptor '/mnt/c/Users/LENOVO/OneDrive/Desktop/drone/install/navigation_layer/share/navigation_layer/hook/pythonscriptspath.dsv'
[11.727s] INFO:colcon.colcon_core.shell:Creating environment hook '/mnt/c/Users/LENOVO/OneDrive/Desktop/drone/install/navigation_layer/share/navigation_layer/hook/pythonscriptspath.sh'
[11.757s] Level 1:colcon.colcon_core.environment:create_environment_scripts_only(navigation_layer)
[11.758s] INFO:colcon.colcon_core.shell:Creating package script '/mnt/c/Users/LENOVO/OneDrive/Desktop/drone/install/navigation_layer/share/navigation_layer/package.ps1'
[11.781s] INFO:colcon.colcon_core.shell:Creating package descriptor '/mnt/c/Users/LENOVO/OneDrive/Desktop/drone/install/navigation_layer/share/navigation_layer/package.dsv'
[11.807s] INFO:colcon.colcon_core.shell:Creating package script '/mnt/c/Users/LENOVO/OneDrive/Desktop/drone/install/navigation_layer/share/navigation_layer/package.sh'
[11.832s] INFO:colcon.colcon_core.shell:Creating package script '/mnt/c/Users/LENOVO/OneDrive/Desktop/drone/install/navigation_layer/share/navigation_layer/package.bash'
[11.862s] INFO:colcon.colcon_core.shell:Creating package script '/mnt/c/Users/LENOVO/OneDrive/Desktop/drone/install/navigation_layer/share/navigation_layer/package.zsh'
[11.888s] Level 1:colcon.colcon_core.environment:create_file_with_runtime_dependencies(/mnt/c/Users/LENOVO/OneDrive/Desktop/drone/install/navigation_layer/share/colcon-core/packages/navigation_layer)
[11.914s] Level 1:colcon.colcon_core.shell:create_environment_hook('telemetry', 'pythonpath_develop')
[11.915s] INFO:colcon.colcon_core.shell:Creating environment hook '/mnt/c/Users/LENOVO/OneDrive/Desktop/drone/build/telemetry/share/telemetry/hook/pythonpath_develop.ps1'
[11.931s] DEBUG:colcon.colcon_core.event_handler.log_command:Invoked command in '/mnt/c/Users/LENOVO/OneDrive/Desktop/drone/build/telemetry' returned '0': PYTHONPATH=/mnt/c/Users/LENOVO/OneDrive/Desktop/drone/build/telemetry/prefix_override:/usr/lib/python3/dist-packages/colcon_core/task/python/colcon_distutils_commands:/mnt/c/Users/LENOVO/OneDrive/Desktop/drone/install/telemetry/lib/python3.12/site-packages:${PYTHONPATH} /usr/bin/python3 -W ignore:setup.py install is deprecated -W ignore:easy_install command is deprecated setup.py develop --editable --build-directory /mnt/c/Users/LENOVO/OneDrive/Desktop/drone/build/telemetry/build --no-deps symlink_data
[11.944s] INFO:colcon.colcon_core.shell:Creating environment descriptor '/mnt/c/Users/LENOVO/OneDrive/Desktop/drone/build/telemetry/share/telemetry/hook/pythonpath_develop.dsv'
[11.969s] INFO:colcon.colcon_core.shell:Creating environment hook '/mnt/c/Users/LENOVO/OneDrive/Desktop/drone/build/telemetry/share/telemetry/hook/pythonpath_develop.sh'
[11.997s] Level 1:colcon.colcon_core.environment:checking '/mnt/c/Users/LENOVO/OneDrive/Desktop/drone/install/telemetry' for CMake module files
[12.088s] Level 1:colcon.colcon_core.environment:checking '/mnt/c/Users/LENOVO/OneDrive/Desktop/drone/install/telemetry' for CMake config files
[12.237s] Level 1:colcon.colcon_core.environment:checking '/mnt/c/Users/LENOVO/OneDrive/Desktop/drone/install/telemetry/lib'
[12.246s] Level 1:colcon.colcon_core.environment:checking '/mnt/c/Users/LENOVO/OneDrive/Desktop/drone/install/telemetry/bin'
[12.257s] Level 1:colcon.colcon_core.shell:create_environment_hook('telemetry', 'path')
[12.258s] INFO:colcon.colcon_core.shell:Creating environment hook '/mnt/c/Users/LENOVO/OneDrive/Desktop/drone/install/telemetry/share/telemetry/hook/path.ps1'
[12.285s] INFO:colcon.colcon_core.shell:Creating environment descriptor '/mnt/c/Users/LENOVO/OneDrive/Desktop/drone/install/telemetry/share/telemetry/hook/path.dsv'
[12.310s] INFO:colcon.colcon_core.shell:Creating environment hook '/mnt/c/Users/LENOVO/OneDrive/Desktop/drone/install/telemetry/share/telemetry/hook/path.sh'
[12.336s] Level 1:colcon.colcon_core.environment:checking '/mnt/c/Users/LENOVO/OneDrive/Desktop/drone/install/telemetry/lib/pkgconfig/telemetry.pc'
[12.340s] Level 1:colcon.colcon_core.environment:checking '/mnt/c/Users/LENOVO/OneDrive/Desktop/drone/install/telemetry/lib/python3.12/site-packages'
[12.345s] Level 1:colcon.colcon_core.shell:create_environment_hook('telemetry', 'pythonpath')
[12.346s] INFO:colcon.colcon_core.shell:Creating environment hook '/mnt/c/Users/LENOVO/OneDrive/Desktop/drone/install/telemetry/share/telemetry/hook/pythonpath.ps1'
[12.373s] INFO:colcon.colcon_core.shell:Creating environment descriptor '/mnt/c/Users/LENOVO/OneDrive/Desktop/drone/install/telemetry/share/telemetry/hook/pythonpath.dsv'
[12.399s] INFO:colcon.colcon_core.shell:Creating environment hook '/mnt/c/Users/LENOVO/OneDrive/Desktop/drone/install/telemetry/share/telemetry/hook/pythonpath.sh'
[12.427s] Level 1:colcon.colcon_core.environment:checking '/mnt/c/Users/LENOVO/OneDrive/Desktop/drone/install/telemetry/bin'
[12.440s] Level 1:colcon.colcon_core.shell:create_environment_hook('telemetry', 'pythonscriptspath')
[12.441s] INFO:colcon.colcon_core.shell:Creating environment hook '/mnt/c/Users/LENOVO/OneDrive/Desktop/drone/install/telemetry/share/telemetry/hook/pythonscriptspath.ps1'
[12.467s] INFO:colcon.colcon_core.shell:Creating environment descriptor '/mnt/c/Users/LENOVO/OneDrive/Desktop/drone/install/telemetry/share/telemetry/hook/pythonscriptspath.dsv'
[12.495s] INFO:colcon.colcon_core.shell:Creating environment hook '/mnt/c/Users/LENOVO/OneDrive/Desktop/drone/install/telemetry/share/telemetry/hook/pythonscriptspath.sh'
[12.523s] Level 1:colcon.colcon_core.environment:create_environment_scripts_only(telemetry)
[12.524s] INFO:colcon.colcon_core.shell:Creating package script '/mnt/c/Users/LENOVO/OneDrive/Desktop/drone/install/telemetry/share/telemetry/package.ps1'
[12.546s] INFO:colcon.colcon_core.shell:Creating package descriptor '/mnt/c/Users/LENOVO/OneDrive/Desktop/drone/install/telemetry/share/telemetry/package.dsv'
[12.569s] INFO:colcon.colcon_core.shell:Creating package script '/mnt/c/Users/LENOVO/OneDrive/Desktop/drone/install/telemetry/share/telemetry/package.sh'
[12.594s] INFO:colcon.colcon_core.shell:Creating package script '/mnt/c/Users/LENOVO/OneDrive/Desktop/drone/install/telemetry/share/telemetry/package.bash'
[12.617s] INFO:colcon.colcon_core.shell:Creating package script '/mnt/c/Users/LENOVO/OneDrive/Desktop/drone/install/telemetry/share/telemetry/package.zsh'
[12.640s] Level 1:colcon.colcon_core.environment:create_file_with_runtime_dependencies(/mnt/c/Users/LENOVO/OneDrive/Desktop/drone/install/telemetry/share/colcon-core/packages/telemetry)
[21.144s] DEBUG:colcon.colcon_parallel_executor.executor.parallel:closing loop
[21.145s] DEBUG:colcon.colcon_parallel_executor.executor.parallel:loop closed
[21.146s] DEBUG:colcon.colcon_parallel_executor.executor.parallel:run_until_complete finished with '1'
[21.146s] DEBUG:colcon.colcon_core.event_reactor:joining thread
[21.252s] INFO:colcon.colcon_core.plugin_system:Skipping extension 'colcon_notification.desktop_notification.notify_send': Could not find 'notify-send'
[21.253s] INFO:colcon.colcon_core.plugin_system:Skipping extension 'colcon_notification.desktop_notification.terminal_notifier': Not used on non-Darwin systems
[21.253s] INFO:colcon.colcon_core.plugin_system:Skipping extension 'colcon_notification.desktop_notification.win32': Not used on non-Windows systems
[21.253s] INFO:colcon.colcon_notification.desktop_notification:Sending desktop notification using 'notify2'
[21.260s] DEBUG:colcon.colcon_notification.desktop_notification.notify2:Failed to initialize notify2: org.freedesktop.DBus.Error.ServiceUnknown: The name org.freedesktop.Notifications was not provided by any .service files
[21.261s] DEBUG:colcon.colcon_core.event_reactor:joined thread
[21.262s] INFO:colcon.colcon_core.shell:Creating prefix script '/mnt/c/Users/LENOVO/OneDrive/Desktop/drone/install/local_setup.ps1'
[21.272s] INFO:colcon.colcon_core.shell:Creating prefix util module '/mnt/c/Users/LENOVO/OneDrive/Desktop/drone/install/_local_setup_util_ps1.py'
[21.284s] INFO:colcon.colcon_core.shell:Creating prefix chain script '/mnt/c/Users/LENOVO/OneDrive/Desktop/drone/install/setup.ps1'
[21.296s] INFO:colcon.colcon_core.shell:Creating prefix script '/mnt/c/Users/LENOVO/OneDrive/Desktop/drone/install/local_setup.sh'
[21.308s] INFO:colcon.colcon_core.shell:Creating prefix util module '/mnt/c/Users/LENOVO/OneDrive/Desktop/drone/install/_local_setup_util_sh.py'
[21.320s] INFO:colcon.colcon_core.shell:Creating prefix chain script '/mnt/c/Users/LENOVO/OneDrive/Desktop/drone/install/setup.sh'
[21.332s] INFO:colcon.colcon_core.shell:Creating prefix script '/mnt/c/Users/LENOVO/OneDrive/Desktop/drone/install/local_setup.bash'
[21.343s] INFO:colcon.colcon_core.shell:Creating prefix chain script '/mnt/c/Users/LENOVO/OneDrive/Desktop/drone/install/setup.bash'
[21.356s] INFO:colcon.colcon_core.shell:Creating prefix script '/mnt/c/Users/LENOVO/OneDrive/Desktop/drone/install/local_setup.zsh'
[21.367s] INFO:colcon.colcon_core.shell:Creating prefix chain script '/mnt/c/Users/LENOVO/OneDrive/Desktop/drone/install/setup.zsh'
