[5.543s] Invoking command in '/mnt/c/Users/LENOVO/OneDrive/Desktop/drone/build/drone_bringup': PYTHONPATH=/mnt/c/Users/LENOVO/OneDrive/Desktop/drone/build/drone_bringup/prefix_override:/usr/lib/python3/dist-packages/colcon_core/task/python/colcon_distutils_commands:/mnt/c/Users/LENOVO/OneDrive/Desktop/drone/install/drone_bringup/lib/python3.12/site-packages:${PYTHONPATH} /usr/bin/python3 -W ignore:setup.py install is deprecated -W ignore:easy_install command is deprecated setup.py develop --uninstall --editable --build-directory /mnt/c/Users/LENOVO/OneDrive/Desktop/drone/build/drone_bringup/build
[7.090s] running develop
[7.774s] Removing /mnt/c/Users/LENOVO/OneDrive/Desktop/drone/install/drone_bringup/lib/python3.12/site-packages/drone-bringup.egg-link (link to .)
[7.942s] Invoked command in '/mnt/c/Users/LENOVO/OneDrive/Desktop/drone/build/drone_bringup' returned '0': PYTHONPATH=/mnt/c/Users/LENOVO/OneDrive/Desktop/drone/build/drone_bringup/prefix_override:/usr/lib/python3/dist-packages/colcon_core/task/python/colcon_distutils_commands:/mnt/c/Users/LENOVO/OneDrive/Desktop/drone/install/drone_bringup/lib/python3.12/site-packages:${PYTHONPATH} /usr/bin/python3 -W ignore:setup.py install is deprecated -W ignore:easy_install command is deprecated setup.py develop --uninstall --editable --build-directory /mnt/c/Users/LENOVO/OneDrive/Desktop/drone/build/drone_bringup/build
[7.966s] Invoking command in '/mnt/c/Users/LENOVO/OneDrive/Desktop/drone/src/drone_bringup': PYTHONPATH=/mnt/c/Users/LENOVO/OneDrive/Desktop/drone/build/drone_bringup/prefix_override:/usr/lib/python3/dist-packages/colcon_core/task/python/colcon_distutils_commands:/mnt/c/Users/LENOVO/OneDrive/Desktop/drone/install/drone_bringup/lib/python3.12/site-packages:${PYTHONPATH} /usr/bin/python3 -W ignore:setup.py install is deprecated -W ignore:easy_install command is deprecated setup.py egg_info --egg-base ../../build/drone_bringup build --build-base /mnt/c/Users/LENOVO/OneDrive/Desktop/drone/build/drone_bringup/build install --record /mnt/c/Users/LENOVO/OneDrive/Desktop/drone/build/drone_bringup/install.log --single-version-externally-managed install_data --force
[9.330s] running egg_info
[9.378s] writing ../../build/drone_bringup/drone_bringup.egg-info/PKG-INFO
[9.391s] writing dependency_links to ../../build/drone_bringup/drone_bringup.egg-info/dependency_links.txt
[9.405s] writing requirements to ../../build/drone_bringup/drone_bringup.egg-info/requires.txt
[9.412s] writing top-level names to ../../build/drone_bringup/drone_bringup.egg-info/top_level.txt
[9.582s] reading manifest file '../../build/drone_bringup/drone_bringup.egg-info/SOURCES.txt'
[9.731s] writing manifest file '../../build/drone_bringup/drone_bringup.egg-info/SOURCES.txt'
[9.739s] running build
[9.741s] running build_py
[9.754s] creating /mnt/c/Users/LENOVO/OneDrive/Desktop/drone/build/drone_bringup/build
[9.759s] creating /mnt/c/Users/LENOVO/OneDrive/Desktop/drone/build/drone_bringup/build/lib
[9.761s] creating /mnt/c/Users/LENOVO/OneDrive/Desktop/drone/build/drone_bringup/build/lib/drone_bringup
[9.778s] copying drone_bringup/__init__.py -> /mnt/c/Users/LENOVO/OneDrive/Desktop/drone/build/drone_bringup/build/lib/drone_bringup
[9.806s] running install
[9.822s] running install_lib
[9.904s] creating /mnt/c/Users/LENOVO/OneDrive/Desktop/drone/install/drone_bringup/lib/python3.12/site-packages/drone_bringup
[9.947s] copying /mnt/c/Users/LENOVO/OneDrive/Desktop/drone/build/drone_bringup/build/lib/drone_bringup/__init__.py -> /mnt/c/Users/LENOVO/OneDrive/Desktop/drone/install/drone_bringup/lib/python3.12/site-packages/drone_bringup
[10.033s] byte-compiling /mnt/c/Users/LENOVO/OneDrive/Desktop/drone/install/drone_bringup/lib/python3.12/site-packages/drone_bringup/__init__.py to __init__.cpython-312.pyc
[10.114s] running install_data
[10.135s] copying resource/drone_bringup -> /mnt/c/Users/LENOVO/OneDrive/Desktop/drone/install/drone_bringup/share/ament_index/resource_index/packages
[10.203s] copying package.xml -> /mnt/c/Users/LENOVO/OneDrive/Desktop/drone/install/drone_bringup/share/drone_bringup
[10.265s] copying launch/master_launch.py -> /mnt/c/Users/LENOVO/OneDrive/Desktop/drone/install/drone_bringup/share/drone_bringup/launch
[10.334s] copying urdf/mavic_webots.urdf -> /mnt/c/Users/LENOVO/OneDrive/Desktop/drone/install/drone_bringup/share/drone_bringup/urdf
[10.408s] copying worlds/tunnel_world.wbt -> /mnt/c/Users/LENOVO/OneDrive/Desktop/drone/install/drone_bringup/share/drone_bringup/worlds
[10.462s] running install_egg_info
[10.546s] Copying ../../build/drone_bringup/drone_bringup.egg-info to /mnt/c/Users/LENOVO/OneDrive/Desktop/drone/install/drone_bringup/lib/python3.12/site-packages/drone_bringup-0.0.0-py3.12.egg-info
[11.081s] running install_scripts
[11.583s] writing list of installed files to '/mnt/c/Users/LENOVO/OneDrive/Desktop/drone/build/drone_bringup/install.log'
[11.644s] Invoked command in '/mnt/c/Users/LENOVO/OneDrive/Desktop/drone/src/drone_bringup' returned '0': PYTHONPATH=/mnt/c/Users/LENOVO/OneDrive/Desktop/drone/build/drone_bringup/prefix_override:/usr/lib/python3/dist-packages/colcon_core/task/python/colcon_distutils_commands:/mnt/c/Users/LENOVO/OneDrive/Desktop/drone/install/drone_bringup/lib/python3.12/site-packages:${PYTHONPATH} /usr/bin/python3 -W ignore:setup.py install is deprecated -W ignore:easy_install command is deprecated setup.py egg_info --egg-base ../../build/drone_bringup build --build-base /mnt/c/Users/LENOVO/OneDrive/Desktop/drone/build/drone_bringup/build install --record /mnt/c/Users/LENOVO/OneDrive/Desktop/drone/build/drone_bringup/install.log --single-version-externally-managed install_data --force
