[0.742s] Invoking command in '/mnt/c/Users/LENOVO/OneDrive/Desktop/drone/build/control_layer': CMAKE_PREFIX_PATH=${CMAKE_PREFIX_PATH}:/opt/ros/jazzy /usr/bin/cmake /mnt/c/Users/LENOVO/OneDrive/Desktop/drone/src/control_layer -DCMAKE_INSTALL_PREFIX=/mnt/c/Users/LENOVO/OneDrive/Desktop/drone/install/control_layer
[2.790s] -- Found ament_cmake: 2.5.5 (/opt/ros/jazzy/share/ament_cmake/cmake)
[2.793s] -- Override CMake install command with custom implementation using symlinks instead of copying resources
[2.794s] -- Found rclcpp: 28.1.16 (/opt/ros/jazzy/share/rclcpp/cmake)
[2.795s] -- Found rosidl_generator_c: 4.6.7 (/opt/ros/jazzy/share/rosidl_generator_c/cmake)
[2.797s] -- Found rosidl_generator_cpp: 4.6.7 (/opt/ros/jazzy/share/rosidl_generator_cpp/cmake)
[2.799s] -- Using all available rosidl_typesupport_c: rosidl_typesupport_fastrtps_c;rosidl_typesupport_introspection_c
[2.801s] -- Using all available rosidl_typesupport_cpp: rosidl_typesupport_fastrtps_cpp;rosidl_typesupport_introspection_cpp
[2.815s] -- Found rmw_implementation_cmake: 7.3.3 (/opt/ros/jazzy/share/rmw_implementation_cmake/cmake)
[2.845s] -- Found rmw_fastrtps_cpp: 8.4.3 (/opt/ros/jazzy/share/rmw_fastrtps_cpp/cmake)
[3.605s] -- Using RMW implementation 'rmw_fastrtps_cpp' as default
[4.092s] -- Found std_msgs: 5.3.6 (/opt/ros/jazzy/share/std_msgs/cmake)
[4.140s] -- Found geometry_msgs: 5.3.6 (/opt/ros/jazzy/share/geometry_msgs/cmake)
[4.190s] -- Found sensor_msgs: 5.3.6 (/opt/ros/jazzy/share/sensor_msgs/cmake)
[4.247s] -- Found nav_msgs: 5.3.6 (/opt/ros/jazzy/share/nav_msgs/cmake)
[4.389s] -- Found ament_lint_auto: 0.17.4 (/opt/ros/jazzy/share/ament_lint_auto/cmake)
[5.337s] -- Added test 'copyright' to check source files copyright and LICENSE
[5.942s] -- Added test 'cppcheck' to perform static code analysis on C / C++ code
[5.945s] -- Configured cppcheck include dirs: $<BUILD_INTERFACE:/mnt/c/Users/LENOVO/OneDrive/Desktop/drone/src/control_layer/include>
[5.948s] -- Configured cppcheck exclude dirs and/or files: 
[6.618s] -- Added test 'cpplint' to check C / C++ code against the Google style
[6.620s] -- Configured cpplint exclude dirs and/or files: 
[6.852s] -- Added test 'lint_cmake' to check CMake code style
[7.616s] -- Added test 'uncrustify' to check C / C++ code style
[7.618s] -- Configured uncrustify additional arguments: 
[7.710s] -- Added test 'xmllint' to check XML markup files
[7.908s] -- Configuring done (7.0s)
[9.040s] -- Generating done (1.0s)
[9.561s] -- Build files have been written to: /mnt/c/Users/LENOVO/OneDrive/Desktop/drone/build/control_layer
[9.584s] Invoked command in '/mnt/c/Users/LENOVO/OneDrive/Desktop/drone/build/control_layer' returned '0': CMAKE_PREFIX_PATH=${CMAKE_PREFIX_PATH}:/opt/ros/jazzy /usr/bin/cmake /mnt/c/Users/LENOVO/OneDrive/Desktop/drone/src/control_layer -DCMAKE_INSTALL_PREFIX=/mnt/c/Users/LENOVO/OneDrive/Desktop/drone/install/control_layer
[9.603s] Invoking command in '/mnt/c/Users/LENOVO/OneDrive/Desktop/drone/build/control_layer': CMAKE_PREFIX_PATH=${CMAKE_PREFIX_PATH}:/opt/ros/jazzy /usr/bin/cmake --build /mnt/c/Users/LENOVO/OneDrive/Desktop/drone/build/control_layer -- -j16 -l16
[9.639s] gmake: Warning: File 'Makefile' has modification time 0.14 s in the future
[9.866s] gmake[1]: Warning: File 'CMakeFiles/Makefile2' has modification time 0.12 s in the future
[9.901s] gmake[2]: Warning: File 'CMakeFiles/motor_mixer.dir/progress.make' has modification time 0.019 s in the future
[9.904s] gmake[2]: Warning: File 'CMakeFiles/pid_controller.dir/progress.make' has modification time 0.037 s in the future
[11.095s] gmake[2]: warning:  Clock skew detected.  Your build may be incomplete.
[11.137s] gmake[2]: warning:  Clock skew detected.  Your build may be incomplete.
[11.147s] gmake[2]: Warning: File 'CMakeFiles/motor_mixer.dir/compiler_depend.make' has modification time 0.26 s in the future
[11.174s] gmake[2]: warning:  Clock skew detected.  Your build may be incomplete.
[11.197s] gmake[2]: Warning: File 'CMakeFiles/pid_controller.dir/compiler_depend.make' has modification time 0.24 s in the future
[11.215s] [ 50%] Built target motor_mixer
[11.223s] gmake[2]: warning:  Clock skew detected.  Your build may be incomplete.
[11.265s] [100%] Built target pid_controller
[11.268s] gmake[1]: warning:  Clock skew detected.  Your build may be incomplete.
[11.338s] gmake: warning:  Clock skew detected.  Your build may be incomplete.
[11.343s] Invoked command in '/mnt/c/Users/LENOVO/OneDrive/Desktop/drone/build/control_layer' returned '0': CMAKE_PREFIX_PATH=${CMAKE_PREFIX_PATH}:/opt/ros/jazzy /usr/bin/cmake --build /mnt/c/Users/LENOVO/OneDrive/Desktop/drone/build/control_layer -- -j16 -l16
[11.400s] Invoking command in '/mnt/c/Users/LENOVO/OneDrive/Desktop/drone/build/control_layer': CMAKE_PREFIX_PATH=${CMAKE_PREFIX_PATH}:/opt/ros/jazzy /usr/bin/cmake --install /mnt/c/Users/LENOVO/OneDrive/Desktop/drone/build/control_layer
[11.426s] -- Install configuration: ""
[11.448s] -- Execute custom install script
[11.492s] -- Up-to-date symlink: /mnt/c/Users/LENOVO/OneDrive/Desktop/drone/install/control_layer/lib/control_layer/pid_controller
[11.526s] -- Up-to-date symlink: /mnt/c/Users/LENOVO/OneDrive/Desktop/drone/install/control_layer/lib/control_layer/motor_mixer
[11.664s] -- Up-to-date symlink: /mnt/c/Users/LENOVO/OneDrive/Desktop/drone/install/control_layer/share/ament_index/resource_index/package_run_dependencies/control_layer
[11.773s] -- Up-to-date symlink: /mnt/c/Users/LENOVO/OneDrive/Desktop/drone/install/control_layer/share/ament_index/resource_index/parent_prefix_path/control_layer
[11.811s] -- Up-to-date symlink: /mnt/c/Users/LENOVO/OneDrive/Desktop/drone/install/control_layer/share/control_layer/environment/ament_prefix_path.sh
[11.857s] -- Up-to-date symlink: /mnt/c/Users/LENOVO/OneDrive/Desktop/drone/install/control_layer/share/control_layer/environment/ament_prefix_path.dsv
[11.898s] -- Up-to-date symlink: /mnt/c/Users/LENOVO/OneDrive/Desktop/drone/install/control_layer/share/control_layer/environment/path.sh
[11.944s] -- Up-to-date symlink: /mnt/c/Users/LENOVO/OneDrive/Desktop/drone/install/control_layer/share/control_layer/environment/path.dsv
[11.985s] -- Up-to-date symlink: /mnt/c/Users/LENOVO/OneDrive/Desktop/drone/install/control_layer/share/control_layer/local_setup.bash
[12.029s] -- Up-to-date symlink: /mnt/c/Users/LENOVO/OneDrive/Desktop/drone/install/control_layer/share/control_layer/local_setup.sh
[12.069s] -- Up-to-date symlink: /mnt/c/Users/LENOVO/OneDrive/Desktop/drone/install/control_layer/share/control_layer/local_setup.zsh
[12.109s] -- Up-to-date symlink: /mnt/c/Users/LENOVO/OneDrive/Desktop/drone/install/control_layer/share/control_layer/local_setup.dsv
[12.130s] -- Symlinking: /mnt/c/Users/LENOVO/OneDrive/Desktop/drone/install/control_layer/share/control_layer/package.dsv
[12.282s] -- Up-to-date symlink: /mnt/c/Users/LENOVO/OneDrive/Desktop/drone/install/control_layer/share/ament_index/resource_index/packages/control_layer
[12.326s] -- Up-to-date symlink: /mnt/c/Users/LENOVO/OneDrive/Desktop/drone/install/control_layer/share/control_layer/cmake/control_layerConfig.cmake
[12.367s] -- Up-to-date symlink: /mnt/c/Users/LENOVO/OneDrive/Desktop/drone/install/control_layer/share/control_layer/cmake/control_layerConfig-version.cmake
[12.414s] -- Up-to-date symlink: /mnt/c/Users/LENOVO/OneDrive/Desktop/drone/install/control_layer/share/control_layer/package.xml
[15.263s] Invoked command in '/mnt/c/Users/LENOVO/OneDrive/Desktop/drone/build/control_layer' returned '0': CMAKE_PREFIX_PATH=${CMAKE_PREFIX_PATH}:/opt/ros/jazzy /usr/bin/cmake --install /mnt/c/Users/LENOVO/OneDrive/Desktop/drone/build/control_layer
