[21.068s] Invoking command in '/mnt/c/Users/LENOVO/OneDrive/Desktop/drone/build/navigation_layer': PYTHONPATH=/mnt/c/Users/LENOVO/OneDrive/Desktop/drone/build/navigation_layer/prefix_override:/usr/lib/python3/dist-packages/colcon_core/task/python/colcon_distutils_commands:/mnt/c/Users/LENOVO/OneDrive/Desktop/drone/install/navigation_layer/lib/python3.12/site-packages:${PYTHONPATH} /usr/bin/python3 -W ignore:setup.py install is deprecated -W ignore:easy_install command is deprecated setup.py develop --editable --build-directory /mnt/c/Users/LENOVO/OneDrive/Desktop/drone/build/navigation_layer/build --no-deps symlink_data --force
[24.055s] running develop
[24.701s] running egg_info
[24.750s] writing navigation_layer.egg-info/PKG-INFO
[24.759s] writing dependency_links to navigation_layer.egg-info/dependency_links.txt
[24.766s] writing entry points to navigation_layer.egg-info/entry_points.txt
[24.773s] writing requirements to navigation_layer.egg-info/requires.txt
[24.780s] writing top-level names to navigation_layer.egg-info/top_level.txt
[24.982s] reading manifest file 'navigation_layer.egg-info/SOURCES.txt'
[25.160s] writing manifest file 'navigation_layer.egg-info/SOURCES.txt'
[25.259s] running build_ext
[25.261s] Creating /mnt/c/Users/LENOVO/OneDrive/Desktop/drone/install/navigation_layer/lib/python3.12/site-packages/navigation-layer.egg-link (link to .)
[25.300s] Installing navigation_status_node script to /mnt/c/Users/LENOVO/OneDrive/Desktop/drone/install/navigation_layer/bin
[25.329s] 
[25.330s] Installed /mnt/c/Users/LENOVO/OneDrive/Desktop/drone/build/navigation_layer
[25.337s] running symlink_data
[25.382s] symbolically linking /mnt/c/Users/LENOVO/OneDrive/Desktop/drone/build/navigation_layer/resource/navigation_layer -> /mnt/c/Users/LENOVO/OneDrive/Desktop/drone/install/navigation_layer/share/ament_index/resource_index/packages
[25.423s] symbolically linking /mnt/c/Users/LENOVO/OneDrive/Desktop/drone/build/navigation_layer/package.xml -> /mnt/c/Users/LENOVO/OneDrive/Desktop/drone/install/navigation_layer/share/navigation_layer
[25.469s] symbolically linking /mnt/c/Users/LENOVO/OneDrive/Desktop/drone/build/navigation_layer/config/costmap_params.yaml -> /mnt/c/Users/LENOVO/OneDrive/Desktop/drone/install/navigation_layer/share/navigation_layer/config
[25.509s] symbolically linking /mnt/c/Users/LENOVO/OneDrive/Desktop/drone/build/navigation_layer/config/nav2_params.yaml -> /mnt/c/Users/LENOVO/OneDrive/Desktop/drone/install/navigation_layer/share/navigation_layer/config
[25.574s] Invoked command in '/mnt/c/Users/LENOVO/OneDrive/Desktop/drone/build/navigation_layer' returned '0': PYTHONPATH=/mnt/c/Users/LENOVO/OneDrive/Desktop/drone/build/navigation_layer/prefix_override:/usr/lib/python3/dist-packages/colcon_core/task/python/colcon_distutils_commands:/mnt/c/Users/LENOVO/OneDrive/Desktop/drone/install/navigation_layer/lib/python3.12/site-packages:${PYTHONPATH} /usr/bin/python3 -W ignore:setup.py install is deprecated -W ignore:easy_install command is deprecated setup.py develop --editable --build-directory /mnt/c/Users/LENOVO/OneDrive/Desktop/drone/build/navigation_layer/build --no-deps symlink_data --force
