[12.390s] Invoking command in '/mnt/c/Users/LENOVO/OneDrive/Desktop/drone/build/slam_layer': CMAKE_PREFIX_PATH=${CMAKE_PREFIX_PATH}:/mnt/c/Users/LENOVO/OneDrive/Desktop/drone/install/telemetry:/mnt/c/Users/LENOVO/OneDrive/Desktop/drone/install/perception_layer:/mnt/c/Users/LENOVO/OneDrive/Desktop/drone/install/navigation_layer:/mnt/c/Users/LENOVO/OneDrive/Desktop/drone/install/fault_handler:/mnt/c/Users/LENOVO/OneDrive/Desktop/drone/install/drone_bringup:/opt/ros/jazzy /usr/bin/cmake /mnt/c/Users/LENOVO/OneDrive/Desktop/drone/src/slam_layer -DAMENT_CMAKE_SYMLINK_INSTALL=1 -DCMAKE_INSTALL_PREFIX=/mnt/c/Users/LENOVO/OneDrive/Desktop/drone/install/slam_layer
[12.528s] -- Found ament_cmake: 2.5.5 (/opt/ros/jazzy/share/ament_cmake/cmake)
[16.697s] -- Override CMake install command with custom implementation using symlinks instead of copying resources
[16.964s] -- Found rclcpp: 28.1.16 (/opt/ros/jazzy/share/rclcpp/cmake)
[17.472s] -- Found rosidl_generator_c: 4.6.7 (/opt/ros/jazzy/share/rosidl_generator_c/cmake)
[17.547s] -- Found rosidl_generator_cpp: 4.6.7 (/opt/ros/jazzy/share/rosidl_generator_cpp/cmake)
[17.659s] -- Using all available rosidl_typesupport_c: rosidl_typesupport_fastrtps_c;rosidl_typesupport_introspection_c
[17.796s] -- Using all available rosidl_typesupport_cpp: rosidl_typesupport_fastrtps_cpp;rosidl_typesupport_introspection_cpp
[18.108s] -- Found rmw_implementation_cmake: 7.3.3 (/opt/ros/jazzy/share/rmw_implementation_cmake/cmake)
[18.160s] -- Found rmw_fastrtps_cpp: 8.4.3 (/opt/ros/jazzy/share/rmw_fastrtps_cpp/cmake)
[19.010s] -- Using RMW implementation 'rmw_fastrtps_cpp' as default
[19.563s] -- Found slam_toolbox: 2.8.3 (/opt/ros/jazzy/share/slam_toolbox/cmake)
[20.328s] -- Found eigen3_cmake_module: 0.3.0 (/opt/ros/jazzy/share/eigen3_cmake_module/cmake)
[20.339s] -- Ensuring Eigen3 include directory is part of orocos-kdl CMake target
[20.915s] -- Setting OGRE_DIR to: '/opt/ros/jazzy/share/rviz_ogre_vendor/cmake/../../../opt/rviz_ogre_vendor/lib/OGRE/cmake'
[20.923s] -- Found OGRE
[20.924s] --   static     : OFF
[20.925s] --   components : MeshLodGenerator;Overlay;Paging;Property;RTShaderSystem;Terrain;Volume
[20.927s] --   plugins    : Plugin_BSPSceneManager;Plugin_OctreeSceneManager;Plugin_PCZSceneManager;Plugin_ParticleFX;RenderSystem_GL;RenderSystem_GL3Plus;Codec_STBI
[20.928s] --   media      : /opt/ros/jazzy/opt/rviz_ogre_vendor/share/OGRE/Media
[20.930s] -- OGRE_LIBRARIES: OgreMeshLodGenerator;OgreOverlay;OgrePaging;OgreProperty;OgreRTShaderSystem;OgreTerrain;OgreVolume;OgreMain
[20.931s] -- OGRE_LIBRARY_DIRS: /opt/ros/jazzy/opt/rviz_ogre_vendor/lib
[20.933s] -- OGRE_PLUGINS: Plugin_BSPSceneManager;Plugin_OctreeSceneManager;Plugin_PCZSceneManager;Plugin_ParticleFX;RenderSystem_GL;RenderSystem_GL3Plus;Codec_STBI
[20.935s] -- OGRE_PLUGIN_DIR: /opt/ros/jazzy/opt/rviz_ogre_vendor/lib/OGRE
[20.936s] -- rviz_ogre_vendor::OgreOverlay for IMPORTED_LOCATION_RELEASE: /opt/ros/jazzy/opt/rviz_ogre_vendor/lib/libOgreOverlay.so
[20.938s] -- rviz_ogre_vendor::OgreOverlay for IMPORTED_LOCATION_DEBUG: /opt/ros/jazzy/opt/rviz_ogre_vendor/lib/libOgreOverlay.so
[20.939s] -- rviz_ogre_vendor::OgreMain for IMPORTED_LOCATION_RELEASE: /opt/ros/jazzy/opt/rviz_ogre_vendor/lib/libOgreMain.so
[20.941s] -- rviz_ogre_vendor::OgreMain for IMPORTED_LOCATION_DEBUG: /opt/ros/jazzy/opt/rviz_ogre_vendor/lib/libOgreMain.so
[21.050s] -- Could not find freeimage library
[34.543s] -- Setting yaml-cpp_DIR to: '/opt/ros/jazzy/share/yaml_cpp_vendor/cmake/../../../opt/yaml_cpp_vendor/share/cmake/yaml-cpp'
[35.433s] -- Found ament_lint_auto: 0.17.4 (/opt/ros/jazzy/share/ament_lint_auto/cmake)
[37.928s] -- Added test 'copyright' to check source files copyright and LICENSE
[38.866s] -- Added test 'lint_cmake' to check CMake code style
[39.362s] -- Added test 'xmllint' to check XML markup files
[39.548s] -- Configuring done (27.1s)
[40.172s] -- Generating done (0.5s)
[40.499s] -- Build files have been written to: /mnt/c/Users/LENOVO/OneDrive/Desktop/drone/build/slam_layer
[40.515s] Invoked command in '/mnt/c/Users/LENOVO/OneDrive/Desktop/drone/build/slam_layer' returned '0': CMAKE_PREFIX_PATH=${CMAKE_PREFIX_PATH}:/mnt/c/Users/LENOVO/OneDrive/Desktop/drone/install/telemetry:/mnt/c/Users/LENOVO/OneDrive/Desktop/drone/install/perception_layer:/mnt/c/Users/LENOVO/OneDrive/Desktop/drone/install/navigation_layer:/mnt/c/Users/LENOVO/OneDrive/Desktop/drone/install/fault_handler:/mnt/c/Users/LENOVO/OneDrive/Desktop/drone/install/drone_bringup:/opt/ros/jazzy /usr/bin/cmake /mnt/c/Users/LENOVO/OneDrive/Desktop/drone/src/slam_layer -DAMENT_CMAKE_SYMLINK_INSTALL=1 -DCMAKE_INSTALL_PREFIX=/mnt/c/Users/LENOVO/OneDrive/Desktop/drone/install/slam_layer
[40.533s] Invoking command in '/mnt/c/Users/LENOVO/OneDrive/Desktop/drone/build/slam_layer': CMAKE_PREFIX_PATH=${CMAKE_PREFIX_PATH}:/mnt/c/Users/LENOVO/OneDrive/Desktop/drone/install/telemetry:/mnt/c/Users/LENOVO/OneDrive/Desktop/drone/install/perception_layer:/mnt/c/Users/LENOVO/OneDrive/Desktop/drone/install/navigation_layer:/mnt/c/Users/LENOVO/OneDrive/Desktop/drone/install/fault_handler:/mnt/c/Users/LENOVO/OneDrive/Desktop/drone/install/drone_bringup:/opt/ros/jazzy /usr/bin/cmake --build /mnt/c/Users/LENOVO/OneDrive/Desktop/drone/build/slam_layer -- -j16 -l16
[40.747s] Invoked command in '/mnt/c/Users/LENOVO/OneDrive/Desktop/drone/build/slam_layer' returned '0': CMAKE_PREFIX_PATH=${CMAKE_PREFIX_PATH}:/mnt/c/Users/LENOVO/OneDrive/Desktop/drone/install/telemetry:/mnt/c/Users/LENOVO/OneDrive/Desktop/drone/install/perception_layer:/mnt/c/Users/LENOVO/OneDrive/Desktop/drone/install/navigation_layer:/mnt/c/Users/LENOVO/OneDrive/Desktop/drone/install/fault_handler:/mnt/c/Users/LENOVO/OneDrive/Desktop/drone/install/drone_bringup:/opt/ros/jazzy /usr/bin/cmake --build /mnt/c/Users/LENOVO/OneDrive/Desktop/drone/build/slam_layer -- -j16 -l16
[40.788s] Invoking command in '/mnt/c/Users/LENOVO/OneDrive/Desktop/drone/build/slam_layer': CMAKE_PREFIX_PATH=${CMAKE_PREFIX_PATH}:/mnt/c/Users/LENOVO/OneDrive/Desktop/drone/install/telemetry:/mnt/c/Users/LENOVO/OneDrive/Desktop/drone/install/perception_layer:/mnt/c/Users/LENOVO/OneDrive/Desktop/drone/install/navigation_layer:/mnt/c/Users/LENOVO/OneDrive/Desktop/drone/install/fault_handler:/mnt/c/Users/LENOVO/OneDrive/Desktop/drone/install/drone_bringup:/opt/ros/jazzy /usr/bin/cmake --install /mnt/c/Users/LENOVO/OneDrive/Desktop/drone/build/slam_layer
[40.809s] -- Install configuration: ""
[40.828s] -- Execute custom install script
[40.922s] -- Up-to-date symlink: /mnt/c/Users/LENOVO/OneDrive/Desktop/drone/install/slam_layer/share/slam_layer/config/slam_toolbox_params.yaml
[41.042s] -- Up-to-date symlink: /mnt/c/Users/LENOVO/OneDrive/Desktop/drone/install/slam_layer/share/ament_index/resource_index/package_run_dependencies/slam_layer
[41.145s] -- Up-to-date symlink: /mnt/c/Users/LENOVO/OneDrive/Desktop/drone/install/slam_layer/share/ament_index/resource_index/parent_prefix_path/slam_layer
[41.186s] -- Up-to-date symlink: /mnt/c/Users/LENOVO/OneDrive/Desktop/drone/install/slam_layer/share/slam_layer/environment/ament_prefix_path.sh
[41.236s] -- Up-to-date symlink: /mnt/c/Users/LENOVO/OneDrive/Desktop/drone/install/slam_layer/share/slam_layer/environment/ament_prefix_path.dsv
[41.278s] -- Up-to-date symlink: /mnt/c/Users/LENOVO/OneDrive/Desktop/drone/install/slam_layer/share/slam_layer/environment/path.sh
[41.328s] -- Up-to-date symlink: /mnt/c/Users/LENOVO/OneDrive/Desktop/drone/install/slam_layer/share/slam_layer/environment/path.dsv
[41.371s] -- Up-to-date symlink: /mnt/c/Users/LENOVO/OneDrive/Desktop/drone/install/slam_layer/share/slam_layer/local_setup.bash
[41.415s] -- Up-to-date symlink: /mnt/c/Users/LENOVO/OneDrive/Desktop/drone/install/slam_layer/share/slam_layer/local_setup.sh
[41.456s] -- Up-to-date symlink: /mnt/c/Users/LENOVO/OneDrive/Desktop/drone/install/slam_layer/share/slam_layer/local_setup.zsh
[41.498s] -- Up-to-date symlink: /mnt/c/Users/LENOVO/OneDrive/Desktop/drone/install/slam_layer/share/slam_layer/local_setup.dsv
[41.517s] -- Symlinking: /mnt/c/Users/LENOVO/OneDrive/Desktop/drone/install/slam_layer/share/slam_layer/package.dsv
[41.678s] -- Up-to-date symlink: /mnt/c/Users/LENOVO/OneDrive/Desktop/drone/install/slam_layer/share/ament_index/resource_index/packages/slam_layer
[41.726s] -- Up-to-date symlink: /mnt/c/Users/LENOVO/OneDrive/Desktop/drone/install/slam_layer/share/slam_layer/cmake/slam_layerConfig.cmake
[41.771s] -- Up-to-date symlink: /mnt/c/Users/LENOVO/OneDrive/Desktop/drone/install/slam_layer/share/slam_layer/cmake/slam_layerConfig-version.cmake
[41.822s] -- Up-to-date symlink: /mnt/c/Users/LENOVO/OneDrive/Desktop/drone/install/slam_layer/share/slam_layer/package.xml
[41.831s] Invoked command in '/mnt/c/Users/LENOVO/OneDrive/Desktop/drone/build/slam_layer' returned '0': CMAKE_PREFIX_PATH=${CMAKE_PREFIX_PATH}:/mnt/c/Users/LENOVO/OneDrive/Desktop/drone/install/telemetry:/mnt/c/Users/LENOVO/OneDrive/Desktop/drone/install/perception_layer:/mnt/c/Users/LENOVO/OneDrive/Desktop/drone/install/navigation_layer:/mnt/c/Users/LENOVO/OneDrive/Desktop/drone/install/fault_handler:/mnt/c/Users/LENOVO/OneDrive/Desktop/drone/install/drone_bringup:/opt/ros/jazzy /usr/bin/cmake --install /mnt/c/Users/LENOVO/OneDrive/Desktop/drone/build/slam_layer
