running develop
Removing /mnt/c/Users/LENOVO/OneDrive/Desktop/drone/install/fault_handler/lib/python3.12/site-packages/fault-handler.egg-link (link to .)
running egg_info
writing ../../build/fault_handler/fault_handler.egg-info/PKG-INFO
writing dependency_links to ../../build/fault_handler/fault_handler.egg-info/dependency_links.txt
writing entry points to ../../build/fault_handler/fault_handler.egg-info/entry_points.txt
writing requirements to ../../build/fault_handler/fault_handler.egg-info/requires.txt
writing top-level names to ../../build/fault_handler/fault_handler.egg-info/top_level.txt
reading manifest file '../../build/fault_handler/fault_handler.egg-info/SOURCES.txt'
writing manifest file '../../build/fault_handler/fault_handler.egg-info/SOURCES.txt'
running build
running build_py
creating /mnt/c/Users/LENOVO/OneDrive/Desktop/drone/build/fault_handler/build
creating /mnt/c/Users/LENOVO/OneDrive/Desktop/drone/build/fault_handler/build/lib
creating /mnt/c/Users/LENOVO/OneDrive/Desktop/drone/build/fault_handler/build/lib/fault_handler
copying fault_handler/watchdog_node.py -> /mnt/c/Users/LENOVO/OneDrive/Desktop/drone/build/fault_handler/build/lib/fault_handler
copying fault_handler/__init__.py -> /mnt/c/Users/LENOVO/OneDrive/Desktop/drone/build/fault_handler/build/lib/fault_handler
running install
running install_lib
creating /mnt/c/Users/LENOVO/OneDrive/Desktop/drone/install/fault_handler/lib/python3.12/site-packages/fault_handler
copying /mnt/c/Users/LENOVO/OneDrive/Desktop/drone/build/fault_handler/build/lib/fault_handler/watchdog_node.py -> /mnt/c/Users/LENOVO/OneDrive/Desktop/drone/install/fault_handler/lib/python3.12/site-packages/fault_handler
copying /mnt/c/Users/LENOVO/OneDrive/Desktop/drone/build/fault_handler/build/lib/fault_handler/__init__.py -> /mnt/c/Users/LENOVO/OneDrive/Desktop/drone/install/fault_handler/lib/python3.12/site-packages/fault_handler
byte-compiling /mnt/c/Users/LENOVO/OneDrive/Desktop/drone/install/fault_handler/lib/python3.12/site-packages/fault_handler/watchdog_node.py to watchdog_node.cpython-312.pyc
byte-compiling /mnt/c/Users/LENOVO/OneDrive/Desktop/drone/install/fault_handler/lib/python3.12/site-packages/fault_handler/__init__.py to __init__.cpython-312.pyc
running install_data
copying resource/fault_handler -> /mnt/c/Users/LENOVO/OneDrive/Desktop/drone/install/fault_handler/share/ament_index/resource_index/packages
copying package.xml -> /mnt/c/Users/LENOVO/OneDrive/Desktop/drone/install/fault_handler/share/fault_handler
creating /mnt/c/Users/LENOVO/OneDrive/Desktop/drone/install/fault_handler/share/fault_handler/launch
running install_egg_info
Copying ../../build/fault_handler/fault_handler.egg-info to /mnt/c/Users/LENOVO/OneDrive/Desktop/drone/install/fault_handler/lib/python3.12/site-packages/fault_handler-0.0.0-py3.12.egg-info
running install_scripts
Installing watchdog_node script to /mnt/c/Users/LENOVO/OneDrive/Desktop/drone/install/fault_handler/bin
writing list of installed files to '/mnt/c/Users/LENOVO/OneDrive/Desktop/drone/build/fault_handler/install.log'
