[1.988s] Invoking command in '/mnt/c/Users/LENOVO/OneDrive/Desktop/drone/build/slam_layer': CMAKE_PREFIX_PATH=${CMAKE_PREFIX_PATH}:/opt/ros/jazzy /usr/bin/cmake /mnt/c/Users/LENOVO/OneDrive/Desktop/drone/src/slam_layer -DCMAKE_INSTALL_PREFIX=/mnt/c/Users/LENOVO/OneDrive/Desktop/drone/install/slam_layer
[2.332s] -- Found ament_cmake: 2.5.5 (/opt/ros/jazzy/share/ament_cmake/cmake)
[2.550s] -- Override CMake install command with custom implementation using symlinks instead of copying resources
[2.830s] -- Found rclcpp: 28.1.16 (/opt/ros/jazzy/share/rclcpp/cmake)
[3.255s] -- Found rosidl_generator_c: 4.6.7 (/opt/ros/jazzy/share/rosidl_generator_c/cmake)
[3.330s] -- Found rosidl_generator_cpp: 4.6.7 (/opt/ros/jazzy/share/rosidl_generator_cpp/cmake)
[3.418s] -- Using all available rosidl_typesupport_c: rosidl_typesupport_fastrtps_c;rosidl_typesupport_introspection_c
[3.532s] -- Using all available rosidl_typesupport_cpp: rosidl_typesupport_fastrtps_cpp;rosidl_typesupport_introspection_cpp
[3.830s] -- Found rmw_implementation_cmake: 7.3.3 (/opt/ros/jazzy/share/rmw_implementation_cmake/cmake)
[3.859s] -- Found rmw_fastrtps_cpp: 8.4.3 (/opt/ros/jazzy/share/rmw_fastrtps_cpp/cmake)
[4.562s] -- Using RMW implementation 'rmw_fastrtps_cpp' as default
[5.017s] -- Found slam_toolbox: 2.8.3 (/opt/ros/jazzy/share/slam_toolbox/cmake)
[5.959s] -- Found eigen3_cmake_module: 0.3.0 (/opt/ros/jazzy/share/eigen3_cmake_module/cmake)
[5.972s] -- Ensuring Eigen3 include directory is part of orocos-kdl CMake target
[6.528s] -- Setting OGRE_DIR to: '/opt/ros/jazzy/share/rviz_ogre_vendor/cmake/../../../opt/rviz_ogre_vendor/lib/OGRE/cmake'
[6.536s] -- Found OGRE
[6.537s] --   static     : OFF
[6.538s] --   components : MeshLodGenerator;Overlay;Paging;Property;RTShaderSystem;Terrain;Volume
[6.540s] --   plugins    : Plugin_BSPSceneManager;Plugin_OctreeSceneManager;Plugin_PCZSceneManager;Plugin_ParticleFX;RenderSystem_GL;RenderSystem_GL3Plus;Codec_STBI
[6.543s] --   media      : /opt/ros/jazzy/opt/rviz_ogre_vendor/share/OGRE/Media
[6.545s] -- OGRE_LIBRARIES: OgreMeshLodGenerator;OgreOverlay;OgrePaging;OgreProperty;OgreRTShaderSystem;OgreTerrain;OgreVolume;OgreMain
[6.547s] -- OGRE_LIBRARY_DIRS: /opt/ros/jazzy/opt/rviz_ogre_vendor/lib
[6.549s] -- OGRE_PLUGINS: Plugin_BSPSceneManager;Plugin_OctreeSceneManager;Plugin_PCZSceneManager;Plugin_ParticleFX;RenderSystem_GL;RenderSystem_GL3Plus;Codec_STBI
[6.551s] -- OGRE_PLUGIN_DIR: /opt/ros/jazzy/opt/rviz_ogre_vendor/lib/OGRE
[6.552s] -- rviz_ogre_vendor::OgreOverlay for IMPORTED_LOCATION_RELEASE: /opt/ros/jazzy/opt/rviz_ogre_vendor/lib/libOgreOverlay.so
[6.555s] -- rviz_ogre_vendor::OgreOverlay for IMPORTED_LOCATION_DEBUG: /opt/ros/jazzy/opt/rviz_ogre_vendor/lib/libOgreOverlay.so
[6.557s] -- rviz_ogre_vendor::OgreMain for IMPORTED_LOCATION_RELEASE: /opt/ros/jazzy/opt/rviz_ogre_vendor/lib/libOgreMain.so
[6.559s] -- rviz_ogre_vendor::OgreMain for IMPORTED_LOCATION_DEBUG: /opt/ros/jazzy/opt/rviz_ogre_vendor/lib/libOgreMain.so
[6.639s] -- Could not find freeimage library
[16.896s] -- Setting yaml-cpp_DIR to: '/opt/ros/jazzy/share/yaml_cpp_vendor/cmake/../../../opt/yaml_cpp_vendor/share/cmake/yaml-cpp'
[17.343s] -- Found ament_lint_auto: 0.17.4 (/opt/ros/jazzy/share/ament_lint_auto/cmake)
[18.217s] -- Added test 'copyright' to check source files copyright and LICENSE
[19.183s] -- Added test 'lint_cmake' to check CMake code style
[19.701s] -- Added test 'xmllint' to check XML markup files
[19.890s] -- Configuring done (17.8s)
[20.529s] -- Generating done (0.5s)
[20.873s] -- Build files have been written to: /mnt/c/Users/LENOVO/OneDrive/Desktop/drone/build/slam_layer
[20.888s] Invoked command in '/mnt/c/Users/LENOVO/OneDrive/Desktop/drone/build/slam_layer' returned '0': CMAKE_PREFIX_PATH=${CMAKE_PREFIX_PATH}:/opt/ros/jazzy /usr/bin/cmake /mnt/c/Users/LENOVO/OneDrive/Desktop/drone/src/slam_layer -DCMAKE_INSTALL_PREFIX=/mnt/c/Users/LENOVO/OneDrive/Desktop/drone/install/slam_layer
[20.912s] Invoking command in '/mnt/c/Users/LENOVO/OneDrive/Desktop/drone/build/slam_layer': CMAKE_PREFIX_PATH=${CMAKE_PREFIX_PATH}:/opt/ros/jazzy /usr/bin/cmake --build /mnt/c/Users/LENOVO/OneDrive/Desktop/drone/build/slam_layer -- -j16 -l16
[21.122s] Invoked command in '/mnt/c/Users/LENOVO/OneDrive/Desktop/drone/build/slam_layer' returned '0': CMAKE_PREFIX_PATH=${CMAKE_PREFIX_PATH}:/opt/ros/jazzy /usr/bin/cmake --build /mnt/c/Users/LENOVO/OneDrive/Desktop/drone/build/slam_layer -- -j16 -l16
[21.164s] Invoking command in '/mnt/c/Users/LENOVO/OneDrive/Desktop/drone/build/slam_layer': CMAKE_PREFIX_PATH=${CMAKE_PREFIX_PATH}:/opt/ros/jazzy /usr/bin/cmake --install /mnt/c/Users/LENOVO/OneDrive/Desktop/drone/build/slam_layer
[21.186s] -- Install configuration: ""
[21.207s] -- Execute custom install script
[21.306s] -- Up-to-date symlink: /mnt/c/Users/LENOVO/OneDrive/Desktop/drone/install/slam_layer/share/slam_layer/config/slam_toolbox_params.yaml
[21.433s] -- Up-to-date symlink: /mnt/c/Users/LENOVO/OneDrive/Desktop/drone/install/slam_layer/share/ament_index/resource_index/package_run_dependencies/slam_layer
[21.535s] -- Up-to-date symlink: /mnt/c/Users/LENOVO/OneDrive/Desktop/drone/install/slam_layer/share/ament_index/resource_index/parent_prefix_path/slam_layer
[21.578s] -- Up-to-date symlink: /mnt/c/Users/LENOVO/OneDrive/Desktop/drone/install/slam_layer/share/slam_layer/environment/ament_prefix_path.sh
[21.629s] -- Up-to-date symlink: /mnt/c/Users/LENOVO/OneDrive/Desktop/drone/install/slam_layer/share/slam_layer/environment/ament_prefix_path.dsv
[21.670s] -- Up-to-date symlink: /mnt/c/Users/LENOVO/OneDrive/Desktop/drone/install/slam_layer/share/slam_layer/environment/path.sh
[21.722s] -- Up-to-date symlink: /mnt/c/Users/LENOVO/OneDrive/Desktop/drone/install/slam_layer/share/slam_layer/environment/path.dsv
[21.767s] -- Up-to-date symlink: /mnt/c/Users/LENOVO/OneDrive/Desktop/drone/install/slam_layer/share/slam_layer/local_setup.bash
[21.810s] -- Up-to-date symlink: /mnt/c/Users/LENOVO/OneDrive/Desktop/drone/install/slam_layer/share/slam_layer/local_setup.sh
[21.851s] -- Up-to-date symlink: /mnt/c/Users/LENOVO/OneDrive/Desktop/drone/install/slam_layer/share/slam_layer/local_setup.zsh
[21.896s] -- Up-to-date symlink: /mnt/c/Users/LENOVO/OneDrive/Desktop/drone/install/slam_layer/share/slam_layer/local_setup.dsv
[21.916s] -- Symlinking: /mnt/c/Users/LENOVO/OneDrive/Desktop/drone/install/slam_layer/share/slam_layer/package.dsv
[22.084s] -- Up-to-date symlink: /mnt/c/Users/LENOVO/OneDrive/Desktop/drone/install/slam_layer/share/ament_index/resource_index/packages/slam_layer
[22.135s] -- Up-to-date symlink: /mnt/c/Users/LENOVO/OneDrive/Desktop/drone/install/slam_layer/share/slam_layer/cmake/slam_layerConfig.cmake
[22.182s] -- Up-to-date symlink: /mnt/c/Users/LENOVO/OneDrive/Desktop/drone/install/slam_layer/share/slam_layer/cmake/slam_layerConfig-version.cmake
[22.233s] -- Up-to-date symlink: /mnt/c/Users/LENOVO/OneDrive/Desktop/drone/install/slam_layer/share/slam_layer/package.xml
[22.242s] Invoked command in '/mnt/c/Users/LENOVO/OneDrive/Desktop/drone/build/slam_layer' returned '0': CMAKE_PREFIX_PATH=${CMAKE_PREFIX_PATH}:/opt/ros/jazzy /usr/bin/cmake --install /mnt/c/Users/LENOVO/OneDrive/Desktop/drone/build/slam_layer
