running develop
Removing /mnt/c/Users/LENOVO/OneDrive/Desktop/drone/install/telemetry/lib/python3.12/site-packages/telemetry.egg-link (link to .)
running egg_info
writing ../../build/telemetry/telemetry.egg-info/PKG-INFO
writing dependency_links to ../../build/telemetry/telemetry.egg-info/dependency_links.txt
writing entry points to ../../build/telemetry/telemetry.egg-info/entry_points.txt
writing requirements to ../../build/telemetry/telemetry.egg-info/requires.txt
writing top-level names to ../../build/telemetry/telemetry.egg-info/top_level.txt
reading manifest file '../../build/telemetry/telemetry.egg-info/SOURCES.txt'
writing manifest file '../../build/telemetry/telemetry.egg-info/SOURCES.txt'
running build
running build_py
creating /mnt/c/Users/LENOVO/OneDrive/Desktop/drone/build/telemetry/build
creating /mnt/c/Users/LENOVO/OneDrive/Desktop/drone/build/telemetry/build/lib
creating /mnt/c/Users/LENOVO/OneDrive/Desktop/drone/build/telemetry/build/lib/telemetry
copying telemetry/dashboard_node.py -> /mnt/c/Users/LENOVO/OneDrive/Desktop/drone/build/telemetry/build/lib/telemetry
copying telemetry/__init__.py -> /mnt/c/Users/LENOVO/OneDrive/Desktop/drone/build/telemetry/build/lib/telemetry
running install
running install_lib
creating /mnt/c/Users/LENOVO/OneDrive/Desktop/drone/install/telemetry/lib/python3.12/site-packages/telemetry
copying /mnt/c/Users/LENOVO/OneDrive/Desktop/drone/build/telemetry/build/lib/telemetry/dashboard_node.py -> /mnt/c/Users/LENOVO/OneDrive/Desktop/drone/install/telemetry/lib/python3.12/site-packages/telemetry
copying /mnt/c/Users/LENOVO/OneDrive/Desktop/drone/build/telemetry/build/lib/telemetry/__init__.py -> /mnt/c/Users/LENOVO/OneDrive/Desktop/drone/install/telemetry/lib/python3.12/site-packages/telemetry
byte-compiling /mnt/c/Users/LENOVO/OneDrive/Desktop/drone/install/telemetry/lib/python3.12/site-packages/telemetry/dashboard_node.py to dashboard_node.cpython-312.pyc
byte-compiling /mnt/c/Users/LENOVO/OneDrive/Desktop/drone/install/telemetry/lib/python3.12/site-packages/telemetry/__init__.py to __init__.cpython-312.pyc
running install_data
copying resource/telemetry -> /mnt/c/Users/LENOVO/OneDrive/Desktop/drone/install/telemetry/share/ament_index/resource_index/packages
copying package.xml -> /mnt/c/Users/LENOVO/OneDrive/Desktop/drone/install/telemetry/share/telemetry
running install_egg_info
Copying ../../build/telemetry/telemetry.egg-info to /mnt/c/Users/LENOVO/OneDrive/Desktop/drone/install/telemetry/lib/python3.12/site-packages/telemetry-0.0.0-py3.12.egg-info
running install_scripts
Installing dashboard_node script to /mnt/c/Users/LENOVO/OneDrive/Desktop/drone/install/telemetry/bin
writing list of installed files to '/mnt/c/Users/LENOVO/OneDrive/Desktop/drone/build/telemetry/install.log'
