[5.159s] Invoking command in '/mnt/c/Users/LENOVO/OneDrive/Desktop/drone/build/telemetry': PYTHONPATH=/mnt/c/Users/LENOVO/OneDrive/Desktop/drone/build/telemetry/prefix_override:/usr/lib/python3/dist-packages/colcon_core/task/python/colcon_distutils_commands:/mnt/c/Users/LENOVO/OneDrive/Desktop/drone/install/telemetry/lib/python3.12/site-packages:${PYTHONPATH} /usr/bin/python3 -W ignore:setup.py install is deprecated -W ignore:easy_install command is deprecated setup.py develop --uninstall --editable --build-directory /mnt/c/Users/LENOVO/OneDrive/Desktop/drone/build/telemetry/build
[6.605s] running develop
[7.313s] Removing /mnt/c/Users/LENOVO/OneDrive/Desktop/drone/install/telemetry/lib/python3.12/site-packages/telemetry.egg-link (link to .)
[7.459s] Invoked command in '/mnt/c/Users/LENOVO/OneDrive/Desktop/drone/build/telemetry' returned '0': PYTHONPATH=/mnt/c/Users/LENOVO/OneDrive/Desktop/drone/build/telemetry/prefix_override:/usr/lib/python3/dist-packages/colcon_core/task/python/colcon_distutils_commands:/mnt/c/Users/LENOVO/OneDrive/Desktop/drone/install/telemetry/lib/python3.12/site-packages:${PYTHONPATH} /usr/bin/python3 -W ignore:setup.py install is deprecated -W ignore:easy_install command is deprecated setup.py develop --uninstall --editable --build-directory /mnt/c/Users/LENOVO/OneDrive/Desktop/drone/build/telemetry/build
[7.473s] Invoking command in '/mnt/c/Users/LENOVO/OneDrive/Desktop/drone/src/telemetry': PYTHONPATH=/mnt/c/Users/LENOVO/OneDrive/Desktop/drone/build/telemetry/prefix_override:/usr/lib/python3/dist-packages/colcon_core/task/python/colcon_distutils_commands:/mnt/c/Users/LENOVO/OneDrive/Desktop/drone/install/telemetry/lib/python3.12/site-packages:${PYTHONPATH} /usr/bin/python3 -W ignore:setup.py install is deprecated -W ignore:easy_install command is deprecated setup.py egg_info --egg-base ../../build/telemetry build --build-base /mnt/c/Users/LENOVO/OneDrive/Desktop/drone/build/telemetry/build install --record /mnt/c/Users/LENOVO/OneDrive/Desktop/drone/build/telemetry/install.log --single-version-externally-managed install_data --force
[8.833s] running egg_info
[8.880s] writing ../../build/telemetry/telemetry.egg-info/PKG-INFO
[8.898s] writing dependency_links to ../../build/telemetry/telemetry.egg-info/dependency_links.txt
[8.906s] writing entry points to ../../build/telemetry/telemetry.egg-info/entry_points.txt
[8.916s] writing requirements to ../../build/telemetry/telemetry.egg-info/requires.txt
[8.923s] writing top-level names to ../../build/telemetry/telemetry.egg-info/top_level.txt
[9.064s] reading manifest file '../../build/telemetry/telemetry.egg-info/SOURCES.txt'
[9.197s] writing manifest file '../../build/telemetry/telemetry.egg-info/SOURCES.txt'
[9.206s] running build
[9.209s] running build_py
[9.219s] creating /mnt/c/Users/LENOVO/OneDrive/Desktop/drone/build/telemetry/build
[9.223s] creating /mnt/c/Users/LENOVO/OneDrive/Desktop/drone/build/telemetry/build/lib
[9.228s] creating /mnt/c/Users/LENOVO/OneDrive/Desktop/drone/build/telemetry/build/lib/telemetry
[9.252s] copying telemetry/dashboard_node.py -> /mnt/c/Users/LENOVO/OneDrive/Desktop/drone/build/telemetry/build/lib/telemetry
[9.302s] copying telemetry/__init__.py -> /mnt/c/Users/LENOVO/OneDrive/Desktop/drone/build/telemetry/build/lib/telemetry
[9.331s] running install
[9.348s] running install_lib
[9.442s] creating /mnt/c/Users/LENOVO/OneDrive/Desktop/drone/install/telemetry/lib/python3.12/site-packages/telemetry
[9.487s] copying /mnt/c/Users/LENOVO/OneDrive/Desktop/drone/build/telemetry/build/lib/telemetry/dashboard_node.py -> /mnt/c/Users/LENOVO/OneDrive/Desktop/drone/install/telemetry/lib/python3.12/site-packages/telemetry
[9.577s] copying /mnt/c/Users/LENOVO/OneDrive/Desktop/drone/build/telemetry/build/lib/telemetry/__init__.py -> /mnt/c/Users/LENOVO/OneDrive/Desktop/drone/install/telemetry/lib/python3.12/site-packages/telemetry
[9.666s] byte-compiling /mnt/c/Users/LENOVO/OneDrive/Desktop/drone/install/telemetry/lib/python3.12/site-packages/telemetry/dashboard_node.py to dashboard_node.cpython-312.pyc
[9.774s] byte-compiling /mnt/c/Users/LENOVO/OneDrive/Desktop/drone/install/telemetry/lib/python3.12/site-packages/telemetry/__init__.py to __init__.cpython-312.pyc
[9.861s] running install_data
[9.881s] copying resource/telemetry -> /mnt/c/Users/LENOVO/OneDrive/Desktop/drone/install/telemetry/share/ament_index/resource_index/packages
[9.957s] copying package.xml -> /mnt/c/Users/LENOVO/OneDrive/Desktop/drone/install/telemetry/share/telemetry
[10.008s] running install_egg_info
[10.100s] Copying ../../build/telemetry/telemetry.egg-info to /mnt/c/Users/LENOVO/OneDrive/Desktop/drone/install/telemetry/lib/python3.12/site-packages/telemetry-0.0.0-py3.12.egg-info
[10.748s] running install_scripts
[11.275s] Installing dashboard_node script to /mnt/c/Users/LENOVO/OneDrive/Desktop/drone/install/telemetry/bin
[11.296s] writing list of installed files to '/mnt/c/Users/LENOVO/OneDrive/Desktop/drone/build/telemetry/install.log'
[13.214s] Invoked command in '/mnt/c/Users/LENOVO/OneDrive/Desktop/drone/src/telemetry' returned '0': PYTHONPATH=/mnt/c/Users/LENOVO/OneDrive/Desktop/drone/build/telemetry/prefix_override:/usr/lib/python3/dist-packages/colcon_core/task/python/colcon_distutils_commands:/mnt/c/Users/LENOVO/OneDrive/Desktop/drone/install/telemetry/lib/python3.12/site-packages:${PYTHONPATH} /usr/bin/python3 -W ignore:setup.py install is deprecated -W ignore:easy_install command is deprecated setup.py egg_info --egg-base ../../build/telemetry build --build-base /mnt/c/Users/LENOVO/OneDrive/Desktop/drone/build/telemetry/build install --record /mnt/c/Users/LENOVO/OneDrive/Desktop/drone/build/telemetry/install.log --single-version-externally-managed install_data --force
