running develop
Removing /mnt/c/Users/LENOVO/OneDrive/Desktop/drone/install/navigation_layer/lib/python3.12/site-packages/navigation-layer.egg-link (link to .)
running egg_info
writing ../../build/navigation_layer/navigation_layer.egg-info/PKG-INFO
writing dependency_links to ../../build/navigation_layer/navigation_layer.egg-info/dependency_links.txt
writing entry points to ../../build/navigation_layer/navigation_layer.egg-info/entry_points.txt
writing requirements to ../../build/navigation_layer/navigation_layer.egg-info/requires.txt
writing top-level names to ../../build/navigation_layer/navigation_layer.egg-info/top_level.txt
reading manifest file '../../build/navigation_layer/navigation_layer.egg-info/SOURCES.txt'
writing manifest file '../../build/navigation_layer/navigation_layer.egg-info/SOURCES.txt'
running build
running build_py
creating /mnt/c/Users/LENOVO/OneDrive/Desktop/drone/build/navigation_layer/build
creating /mnt/c/Users/LENOVO/OneDrive/Desktop/drone/build/navigation_layer/build/lib
creating /mnt/c/Users/LENOVO/OneDrive/Desktop/drone/build/navigation_layer/build/lib/navigation_layer
copying navigation_layer/navigation_status_node.py -> /mnt/c/Users/LENOVO/OneDrive/Desktop/drone/build/navigation_layer/build/lib/navigation_layer
copying navigation_layer/__init__.py -> /mnt/c/Users/LENOVO/OneDrive/Desktop/drone/build/navigation_layer/build/lib/navigation_layer
running install
running install_lib
creating /mnt/c/Users/LENOVO/OneDrive/Desktop/drone/install/navigation_layer/lib/python3.12/site-packages/navigation_layer
copying /mnt/c/Users/LENOVO/OneDrive/Desktop/drone/build/navigation_layer/build/lib/navigation_layer/navigation_status_node.py -> /mnt/c/Users/LENOVO/OneDrive/Desktop/drone/install/navigation_layer/lib/python3.12/site-packages/navigation_layer
copying /mnt/c/Users/LENOVO/OneDrive/Desktop/drone/build/navigation_layer/build/lib/navigation_layer/__init__.py -> /mnt/c/Users/LENOVO/OneDrive/Desktop/drone/install/navigation_layer/lib/python3.12/site-packages/navigation_layer
byte-compiling /mnt/c/Users/LENOVO/OneDrive/Desktop/drone/install/navigation_layer/lib/python3.12/site-packages/navigation_layer/navigation_status_node.py to navigation_status_node.cpython-312.pyc
byte-compiling /mnt/c/Users/LENOVO/OneDrive/Desktop/drone/install/navigation_layer/lib/python3.12/site-packages/navigation_layer/__init__.py to __init__.cpython-312.pyc
running install_data
copying resource/navigation_layer -> /mnt/c/Users/LENOVO/OneDrive/Desktop/drone/install/navigation_layer/share/ament_index/resource_index/packages
copying package.xml -> /mnt/c/Users/LENOVO/OneDrive/Desktop/drone/install/navigation_layer/share/navigation_layer
copying config/costmap_params.yaml -> /mnt/c/Users/LENOVO/OneDrive/Desktop/drone/install/navigation_layer/share/navigation_layer/config
copying config/nav2_params.yaml -> /mnt/c/Users/LENOVO/OneDrive/Desktop/drone/install/navigation_layer/share/navigation_layer/config
running install_egg_info
Copying ../../build/navigation_layer/navigation_layer.egg-info to /mnt/c/Users/LENOVO/OneDrive/Desktop/drone/install/navigation_layer/lib/python3.12/site-packages/navigation_layer-0.0.0-py3.12.egg-info
running install_scripts
Installing navigation_status_node script to /mnt/c/Users/LENOVO/OneDrive/Desktop/drone/install/navigation_layer/bin
writing list of installed files to '/mnt/c/Users/LENOVO/OneDrive/Desktop/drone/build/navigation_layer/install.log'
